Determining if the pthread_create exist failed with the following output:
Change Dir: /home/lian/catkin_ROS/build/CMakeFiles/CMakeTmp

Run Build Command:"/usr/bin/make" "cmTC_23b9b/fast"
/usr/bin/make -f CMakeFiles/cmTC_23b9b.dir/build.make CMakeFiles/cmTC_23b9b.dir/build
make[1]: Entering directory '/home/lian/catkin_ROS/build/CMakeFiles/CMakeTmp'
Building C object CMakeFiles/cmTC_23b9b.dir/CheckSymbolExists.c.o
/usr/bin/cc     -o CMakeFiles/cmTC_23b9b.dir/CheckSymbolExists.c.o   -c /home/lian/catkin_ROS/build/CMakeFiles/CMakeTmp/CheckSymbolExists.c
Linking C executable cmTC_23b9b
/usr/bin/cmake -E cmake_link_script CMakeFiles/cmTC_23b9b.dir/link.txt --verbose=1
/usr/bin/cc       CMakeFiles/cmTC_23b9b.dir/CheckSymbolExists.c.o  -o cmTC_23b9b -rdynamic 
CMakeFiles/cmTC_23b9b.dir/CheckSymbolExists.c.o：在函数‘main’中：
CheckSymbolExists.c:(.text+0x16)：对‘pthread_create’未定义的引用
collect2: error: ld returned 1 exit status
CMakeFiles/cmTC_23b9b.dir/build.make:97: recipe for target 'cmTC_23b9b' failed
make[1]: *** [cmTC_23b9b] Error 1
make[1]: Leaving directory '/home/lian/catkin_ROS/build/CMakeFiles/CMakeTmp'
Makefile:126: recipe for target 'cmTC_23b9b/fast' failed
make: *** [cmTC_23b9b/fast] Error 2

File /home/lian/catkin_ROS/build/CMakeFiles/CMakeTmp/CheckSymbolExists.c:
/* */
#include <pthread.h>

int main(int argc, char** argv)
{
  (void)argv;
#ifndef pthread_create
  return ((int*)(&pthread_create))[argc];
#else
  (void)argc;
  return 0;
#endif
}

Determining if the function pthread_create exists in the pthreads failed with the following output:
Change Dir: /home/lian/catkin_ROS/build/CMakeFiles/CMakeTmp

Run Build Command:"/usr/bin/make" "cmTC_4cb17/fast"
/usr/bin/make -f CMakeFiles/cmTC_4cb17.dir/build.make CMakeFiles/cmTC_4cb17.dir/build
make[1]: Entering directory '/home/lian/catkin_ROS/build/CMakeFiles/CMakeTmp'
Building C object CMakeFiles/cmTC_4cb17.dir/CheckFunctionExists.c.o
/usr/bin/cc    -DCHECK_FUNCTION_EXISTS=pthread_create   -o CMakeFiles/cmTC_4cb17.dir/CheckFunctionExists.c.o   -c /usr/share/cmake-3.5/Modules/CheckFunctionExists.c
Linking C executable cmTC_4cb17
/usr/bin/cmake -E cmake_link_script CMakeFiles/cmTC_4cb17.dir/link.txt --verbose=1
/usr/bin/cc   -DCHECK_FUNCTION_EXISTS=pthread_create    CMakeFiles/cmTC_4cb17.dir/CheckFunctionExists.c.o  -o cmTC_4cb17 -rdynamic -lpthreads 
/usr/bin/ld: 找不到 -lpthreads
collect2: error: ld returned 1 exit status
CMakeFiles/cmTC_4cb17.dir/build.make:97: recipe for target 'cmTC_4cb17' failed
make[1]: *** [cmTC_4cb17] Error 1
make[1]: Leaving directory '/home/lian/catkin_ROS/build/CMakeFiles/CMakeTmp'
Makefile:126: recipe for target 'cmTC_4cb17/fast' failed
make: *** [cmTC_4cb17/fast] Error 2


