The system is: Linux - 4.15.0-142-generic - x86_64
Compiling the C compiler identification source file "CMakeCCompilerId.c" succeeded.
Compiler: /usr/bin/cc 
Build flags: 
Id flags: 

The output was:
0


Compilation of the C compiler identification source "CMakeCCompilerId.c" produced "a.out"

<<<<<<< HEAD
The C compiler identification is GNU, found in "/home/lian/catkin_ROS/build/CMakeFiles/3.5.1/CompilerIdC/a.out"
=======
<<<<<<< HEAD
The C compiler identification is GNU, found in "/home/lian/ros_ws/build/CMakeFiles/3.5.1/CompilerIdC/a.out"
=======
<<<<<<< HEAD
The C compiler identification is GNU, found in "/home/lian/ros_ws/build/CMakeFiles/3.5.1/CompilerIdC/a.out"
=======
The C compiler identification is GNU, found in "/home/a/catkin_ws/build/CMakeFiles/3.5.1/CompilerIdC/a.out"
>>>>>>> c7b4822037f679cb6c1df5267602ab97035f5d7e
>>>>>>> e7b3a2760bb50d4aa9780186e6f4b9c470248e2c
>>>>>>> 7fd3f594ab455853003ae66a508bfa5d1eaccf3c

Compiling the CXX compiler identification source file "CMakeCXXCompilerId.cpp" succeeded.
Compiler: /usr/bin/c++ 
Build flags: 
Id flags: 

The output was:
0


Compilation of the CXX compiler identification source "CMakeCXXCompilerId.cpp" produced "a.out"

<<<<<<< HEAD
The CXX compiler identification is GNU, found in "/home/lian/catkin_ROS/build/CMakeFiles/3.5.1/CompilerIdCXX/a.out"

Determining if the C compiler works passed with the following output:
Change Dir: /home/lian/catkin_ROS/build/CMakeFiles/CMakeTmp

Run Build Command:"/usr/bin/make" "cmTC_eb732/fast"
/usr/bin/make -f CMakeFiles/cmTC_eb732.dir/build.make CMakeFiles/cmTC_eb732.dir/build
make[1]: Entering directory '/home/lian/catkin_ROS/build/CMakeFiles/CMakeTmp'
Building C object CMakeFiles/cmTC_eb732.dir/testCCompiler.c.o
/usr/bin/cc     -o CMakeFiles/cmTC_eb732.dir/testCCompiler.c.o   -c /home/lian/catkin_ROS/build/CMakeFiles/CMakeTmp/testCCompiler.c
Linking C executable cmTC_eb732
/usr/bin/cmake -E cmake_link_script CMakeFiles/cmTC_eb732.dir/link.txt --verbose=1
/usr/bin/cc       CMakeFiles/cmTC_eb732.dir/testCCompiler.c.o  -o cmTC_eb732 -rdynamic 
make[1]: Leaving directory '/home/lian/catkin_ROS/build/CMakeFiles/CMakeTmp'


Detecting C compiler ABI info compiled with the following output:
Change Dir: /home/lian/catkin_ROS/build/CMakeFiles/CMakeTmp

Run Build Command:"/usr/bin/make" "cmTC_813b0/fast"
/usr/bin/make -f CMakeFiles/cmTC_813b0.dir/build.make CMakeFiles/cmTC_813b0.dir/build
make[1]: Entering directory '/home/lian/catkin_ROS/build/CMakeFiles/CMakeTmp'
Building C object CMakeFiles/cmTC_813b0.dir/CMakeCCompilerABI.c.o
/usr/bin/cc     -o CMakeFiles/cmTC_813b0.dir/CMakeCCompilerABI.c.o   -c /usr/share/cmake-3.5/Modules/CMakeCCompilerABI.c
Linking C executable cmTC_813b0
/usr/bin/cmake -E cmake_link_script CMakeFiles/cmTC_813b0.dir/link.txt --verbose=1
/usr/bin/cc      -v CMakeFiles/cmTC_813b0.dir/CMakeCCompilerABI.c.o  -o cmTC_813b0 -rdynamic  
=======
<<<<<<< HEAD
=======
<<<<<<< HEAD
>>>>>>> e7b3a2760bb50d4aa9780186e6f4b9c470248e2c
The CXX compiler identification is GNU, found in "/home/lian/ros_ws/build/CMakeFiles/3.5.1/CompilerIdCXX/a.out"

Determining if the C compiler works passed with the following output:
Change Dir: /home/lian/ros_ws/build/CMakeFiles/CMakeTmp

<<<<<<< HEAD
Run Build Command:"/usr/bin/make" "cmTC_4118d/fast"
/usr/bin/make -f CMakeFiles/cmTC_4118d.dir/build.make CMakeFiles/cmTC_4118d.dir/build
make[1]: Entering directory '/home/lian/ros_ws/build/CMakeFiles/CMakeTmp'
Building C object CMakeFiles/cmTC_4118d.dir/testCCompiler.c.o
/usr/bin/cc     -o CMakeFiles/cmTC_4118d.dir/testCCompiler.c.o   -c /home/lian/ros_ws/build/CMakeFiles/CMakeTmp/testCCompiler.c
Linking C executable cmTC_4118d
/usr/bin/cmake -E cmake_link_script CMakeFiles/cmTC_4118d.dir/link.txt --verbose=1
/usr/bin/cc       CMakeFiles/cmTC_4118d.dir/testCCompiler.c.o  -o cmTC_4118d -rdynamic 
=======
Run Build Command:"/usr/bin/make" "cmTC_07a89/fast"
/usr/bin/make -f CMakeFiles/cmTC_07a89.dir/build.make CMakeFiles/cmTC_07a89.dir/build
make[1]: Entering directory '/home/lian/ros_ws/build/CMakeFiles/CMakeTmp'
Building C object CMakeFiles/cmTC_07a89.dir/testCCompiler.c.o
/usr/bin/cc     -o CMakeFiles/cmTC_07a89.dir/testCCompiler.c.o   -c /home/lian/ros_ws/build/CMakeFiles/CMakeTmp/testCCompiler.c
Linking C executable cmTC_07a89
/usr/bin/cmake -E cmake_link_script CMakeFiles/cmTC_07a89.dir/link.txt --verbose=1
/usr/bin/cc       CMakeFiles/cmTC_07a89.dir/testCCompiler.c.o  -o cmTC_07a89 -rdynamic 
>>>>>>> e7b3a2760bb50d4aa9780186e6f4b9c470248e2c
make[1]: Leaving directory '/home/lian/ros_ws/build/CMakeFiles/CMakeTmp'


Detecting C compiler ABI info compiled with the following output:
Change Dir: /home/lian/ros_ws/build/CMakeFiles/CMakeTmp

<<<<<<< HEAD
Run Build Command:"/usr/bin/make" "cmTC_7df3b/fast"
/usr/bin/make -f CMakeFiles/cmTC_7df3b.dir/build.make CMakeFiles/cmTC_7df3b.dir/build
make[1]: Entering directory '/home/lian/ros_ws/build/CMakeFiles/CMakeTmp'
Building C object CMakeFiles/cmTC_7df3b.dir/CMakeCCompilerABI.c.o
/usr/bin/cc     -o CMakeFiles/cmTC_7df3b.dir/CMakeCCompilerABI.c.o   -c /usr/share/cmake-3.5/Modules/CMakeCCompilerABI.c
Linking C executable cmTC_7df3b
/usr/bin/cmake -E cmake_link_script CMakeFiles/cmTC_7df3b.dir/link.txt --verbose=1
/usr/bin/cc      -v CMakeFiles/cmTC_7df3b.dir/CMakeCCompilerABI.c.o  -o cmTC_7df3b -rdynamic  
=======
Run Build Command:"/usr/bin/make" "cmTC_c0829/fast"
/usr/bin/make -f CMakeFiles/cmTC_c0829.dir/build.make CMakeFiles/cmTC_c0829.dir/build
make[1]: Entering directory '/home/lian/ros_ws/build/CMakeFiles/CMakeTmp'
Building C object CMakeFiles/cmTC_c0829.dir/CMakeCCompilerABI.c.o
/usr/bin/cc     -o CMakeFiles/cmTC_c0829.dir/CMakeCCompilerABI.c.o   -c /usr/share/cmake-3.5/Modules/CMakeCCompilerABI.c
Linking C executable cmTC_c0829
/usr/bin/cmake -E cmake_link_script CMakeFiles/cmTC_c0829.dir/link.txt --verbose=1
/usr/bin/cc      -v CMakeFiles/cmTC_c0829.dir/CMakeCCompilerABI.c.o  -o cmTC_c0829 -rdynamic  
=======
The CXX compiler identification is GNU, found in "/home/a/catkin_ws/build/CMakeFiles/3.5.1/CompilerIdCXX/a.out"

Determining if the C compiler works passed with the following output:
Change Dir: /home/a/catkin_ws/build/CMakeFiles/CMakeTmp

Run Build Command:"/usr/bin/make" "cmTC_3a799/fast"
/usr/bin/make -f CMakeFiles/cmTC_3a799.dir/build.make CMakeFiles/cmTC_3a799.dir/build
make[1]: Entering directory '/home/a/catkin_ws/build/CMakeFiles/CMakeTmp'
Building C object CMakeFiles/cmTC_3a799.dir/testCCompiler.c.o
/usr/bin/cc     -o CMakeFiles/cmTC_3a799.dir/testCCompiler.c.o   -c /home/a/catkin_ws/build/CMakeFiles/CMakeTmp/testCCompiler.c
Linking C executable cmTC_3a799
/usr/bin/cmake -E cmake_link_script CMakeFiles/cmTC_3a799.dir/link.txt --verbose=1
/usr/bin/cc       CMakeFiles/cmTC_3a799.dir/testCCompiler.c.o  -o cmTC_3a799 -rdynamic 
make[1]: Leaving directory '/home/a/catkin_ws/build/CMakeFiles/CMakeTmp'


Detecting C compiler ABI info compiled with the following output:
Change Dir: /home/a/catkin_ws/build/CMakeFiles/CMakeTmp

Run Build Command:"/usr/bin/make" "cmTC_55db5/fast"
/usr/bin/make -f CMakeFiles/cmTC_55db5.dir/build.make CMakeFiles/cmTC_55db5.dir/build
make[1]: Entering directory '/home/a/catkin_ws/build/CMakeFiles/CMakeTmp'
Building C object CMakeFiles/cmTC_55db5.dir/CMakeCCompilerABI.c.o
/usr/bin/cc     -o CMakeFiles/cmTC_55db5.dir/CMakeCCompilerABI.c.o   -c /usr/share/cmake-3.5/Modules/CMakeCCompilerABI.c
Linking C executable cmTC_55db5
/usr/bin/cmake -E cmake_link_script CMakeFiles/cmTC_55db5.dir/link.txt --verbose=1
/usr/bin/cc      -v CMakeFiles/cmTC_55db5.dir/CMakeCCompilerABI.c.o  -o cmTC_55db5 -rdynamic  
>>>>>>> c7b4822037f679cb6c1df5267602ab97035f5d7e
>>>>>>> e7b3a2760bb50d4aa9780186e6f4b9c470248e2c
>>>>>>> 7fd3f594ab455853003ae66a508bfa5d1eaccf3c
Using built-in specs.
COLLECT_GCC=/usr/bin/cc
COLLECT_LTO_WRAPPER=/usr/lib/gcc/x86_64-linux-gnu/5/lto-wrapper
Target: x86_64-linux-gnu
Configured with: ../src/configure -v --with-pkgversion='Ubuntu 5.4.0-6ubuntu1~16.04.12' --with-bugurl=file:///usr/share/doc/gcc-5/README.Bugs --enable-languages=c,ada,c++,java,go,d,fortran,objc,obj-c++ --prefix=/usr --program-suffix=-5 --enable-shared --enable-linker-build-id --libexecdir=/usr/lib --without-included-gettext --enable-threads=posix --libdir=/usr/lib --enable-nls --with-sysroot=/ --enable-clocale=gnu --enable-libstdcxx-debug --enable-libstdcxx-time=yes --with-default-libstdcxx-abi=new --enable-gnu-unique-object --disable-vtable-verify --enable-libmpx --enable-plugin --with-system-zlib --disable-browser-plugin --enable-java-awt=gtk --enable-gtk-cairo --with-java-home=/usr/lib/jvm/java-1.5.0-gcj-5-amd64/jre --enable-java-home --with-jvm-root-dir=/usr/lib/jvm/java-1.5.0-gcj-5-amd64 --with-jvm-jar-dir=/usr/lib/jvm-exports/java-1.5.0-gcj-5-amd64 --with-arch-directory=amd64 --with-ecj-jar=/usr/share/java/eclipse-ecj.jar --enable-objc-gc --enable-multiarch --disable-werror --with-arch-32=i686 --with-abi=m64 --with-multilib-list=m32,m64,mx32 --enable-multilib --with-tune=generic --enable-checking=release --build=x86_64-linux-gnu --host=x86_64-linux-gnu --target=x86_64-linux-gnu
Thread model: posix
gcc version 5.4.0 20160609 (Ubuntu 5.4.0-6ubuntu1~16.04.12) 
COMPILER_PATH=/usr/lib/gcc/x86_64-linux-gnu/5/:/usr/lib/gcc/x86_64-linux-gnu/5/:/usr/lib/gcc/x86_64-linux-gnu/:/usr/lib/gcc/x86_64-linux-gnu/5/:/usr/lib/gcc/x86_64-linux-gnu/
LIBRARY_PATH=/usr/lib/gcc/x86_64-linux-gnu/5/:/usr/lib/gcc/x86_64-linux-gnu/5/../../../x86_64-linux-gnu/:/usr/lib/gcc/x86_64-linux-gnu/5/../../../../lib/:/lib/x86_64-linux-gnu/:/lib/../lib/:/usr/lib/x86_64-linux-gnu/:/usr/lib/../lib/:/usr/lib/gcc/x86_64-linux-gnu/5/../../../:/lib/:/usr/lib/
<<<<<<< HEAD
COLLECT_GCC_OPTIONS='-v' '-o' 'cmTC_813b0' '-rdynamic' '-mtune=generic' '-march=x86-64'
 /usr/lib/gcc/x86_64-linux-gnu/5/collect2 -plugin /usr/lib/gcc/x86_64-linux-gnu/5/liblto_plugin.so -plugin-opt=/usr/lib/gcc/x86_64-linux-gnu/5/lto-wrapper -plugin-opt=-fresolution=/tmp/cc0qwyYX.res -plugin-opt=-pass-through=-lgcc -plugin-opt=-pass-through=-lgcc_s -plugin-opt=-pass-through=-lc -plugin-opt=-pass-through=-lgcc -plugin-opt=-pass-through=-lgcc_s --sysroot=/ --build-id --eh-frame-hdr -m elf_x86_64 --hash-style=gnu --as-needed -export-dynamic -dynamic-linker /lib64/ld-linux-x86-64.so.2 -z relro -o cmTC_813b0 /usr/lib/gcc/x86_64-linux-gnu/5/../../../x86_64-linux-gnu/crt1.o /usr/lib/gcc/x86_64-linux-gnu/5/../../../x86_64-linux-gnu/crti.o /usr/lib/gcc/x86_64-linux-gnu/5/crtbegin.o -L/usr/lib/gcc/x86_64-linux-gnu/5 -L/usr/lib/gcc/x86_64-linux-gnu/5/../../../x86_64-linux-gnu -L/usr/lib/gcc/x86_64-linux-gnu/5/../../../../lib -L/lib/x86_64-linux-gnu -L/lib/../lib -L/usr/lib/x86_64-linux-gnu -L/usr/lib/../lib -L/usr/lib/gcc/x86_64-linux-gnu/5/../../.. CMakeFiles/cmTC_813b0.dir/CMakeCCompilerABI.c.o -lgcc --as-needed -lgcc_s --no-as-needed -lc -lgcc --as-needed -lgcc_s --no-as-needed /usr/lib/gcc/x86_64-linux-gnu/5/crtend.o /usr/lib/gcc/x86_64-linux-gnu/5/../../../x86_64-linux-gnu/crtn.o
make[1]: Leaving directory '/home/lian/catkin_ROS/build/CMakeFiles/CMakeTmp'
=======
<<<<<<< HEAD
COLLECT_GCC_OPTIONS='-v' '-o' 'cmTC_7df3b' '-rdynamic' '-mtune=generic' '-march=x86-64'
 /usr/lib/gcc/x86_64-linux-gnu/5/collect2 -plugin /usr/lib/gcc/x86_64-linux-gnu/5/liblto_plugin.so -plugin-opt=/usr/lib/gcc/x86_64-linux-gnu/5/lto-wrapper -plugin-opt=-fresolution=/tmp/ccr6GhuV.res -plugin-opt=-pass-through=-lgcc -plugin-opt=-pass-through=-lgcc_s -plugin-opt=-pass-through=-lc -plugin-opt=-pass-through=-lgcc -plugin-opt=-pass-through=-lgcc_s --sysroot=/ --build-id --eh-frame-hdr -m elf_x86_64 --hash-style=gnu --as-needed -export-dynamic -dynamic-linker /lib64/ld-linux-x86-64.so.2 -z relro -o cmTC_7df3b /usr/lib/gcc/x86_64-linux-gnu/5/../../../x86_64-linux-gnu/crt1.o /usr/lib/gcc/x86_64-linux-gnu/5/../../../x86_64-linux-gnu/crti.o /usr/lib/gcc/x86_64-linux-gnu/5/crtbegin.o -L/usr/lib/gcc/x86_64-linux-gnu/5 -L/usr/lib/gcc/x86_64-linux-gnu/5/../../../x86_64-linux-gnu -L/usr/lib/gcc/x86_64-linux-gnu/5/../../../../lib -L/lib/x86_64-linux-gnu -L/lib/../lib -L/usr/lib/x86_64-linux-gnu -L/usr/lib/../lib -L/usr/lib/gcc/x86_64-linux-gnu/5/../../.. CMakeFiles/cmTC_7df3b.dir/CMakeCCompilerABI.c.o -lgcc --as-needed -lgcc_s --no-as-needed -lc -lgcc --as-needed -lgcc_s --no-as-needed /usr/lib/gcc/x86_64-linux-gnu/5/crtend.o /usr/lib/gcc/x86_64-linux-gnu/5/../../../x86_64-linux-gnu/crtn.o
make[1]: Leaving directory '/home/lian/ros_ws/build/CMakeFiles/CMakeTmp'
=======
<<<<<<< HEAD
COLLECT_GCC_OPTIONS='-v' '-o' 'cmTC_c0829' '-rdynamic' '-mtune=generic' '-march=x86-64'
 /usr/lib/gcc/x86_64-linux-gnu/5/collect2 -plugin /usr/lib/gcc/x86_64-linux-gnu/5/liblto_plugin.so -plugin-opt=/usr/lib/gcc/x86_64-linux-gnu/5/lto-wrapper -plugin-opt=-fresolution=/tmp/cc3xsFof.res -plugin-opt=-pass-through=-lgcc -plugin-opt=-pass-through=-lgcc_s -plugin-opt=-pass-through=-lc -plugin-opt=-pass-through=-lgcc -plugin-opt=-pass-through=-lgcc_s --sysroot=/ --build-id --eh-frame-hdr -m elf_x86_64 --hash-style=gnu --as-needed -export-dynamic -dynamic-linker /lib64/ld-linux-x86-64.so.2 -z relro -o cmTC_c0829 /usr/lib/gcc/x86_64-linux-gnu/5/../../../x86_64-linux-gnu/crt1.o /usr/lib/gcc/x86_64-linux-gnu/5/../../../x86_64-linux-gnu/crti.o /usr/lib/gcc/x86_64-linux-gnu/5/crtbegin.o -L/usr/lib/gcc/x86_64-linux-gnu/5 -L/usr/lib/gcc/x86_64-linux-gnu/5/../../../x86_64-linux-gnu -L/usr/lib/gcc/x86_64-linux-gnu/5/../../../../lib -L/lib/x86_64-linux-gnu -L/lib/../lib -L/usr/lib/x86_64-linux-gnu -L/usr/lib/../lib -L/usr/lib/gcc/x86_64-linux-gnu/5/../../.. CMakeFiles/cmTC_c0829.dir/CMakeCCompilerABI.c.o -lgcc --as-needed -lgcc_s --no-as-needed -lc -lgcc --as-needed -lgcc_s --no-as-needed /usr/lib/gcc/x86_64-linux-gnu/5/crtend.o /usr/lib/gcc/x86_64-linux-gnu/5/../../../x86_64-linux-gnu/crtn.o
make[1]: Leaving directory '/home/lian/ros_ws/build/CMakeFiles/CMakeTmp'
=======
COLLECT_GCC_OPTIONS='-v' '-o' 'cmTC_55db5' '-rdynamic' '-mtune=generic' '-march=x86-64'
 /usr/lib/gcc/x86_64-linux-gnu/5/collect2 -plugin /usr/lib/gcc/x86_64-linux-gnu/5/liblto_plugin.so -plugin-opt=/usr/lib/gcc/x86_64-linux-gnu/5/lto-wrapper -plugin-opt=-fresolution=/tmp/ccQDzho9.res -plugin-opt=-pass-through=-lgcc -plugin-opt=-pass-through=-lgcc_s -plugin-opt=-pass-through=-lc -plugin-opt=-pass-through=-lgcc -plugin-opt=-pass-through=-lgcc_s --sysroot=/ --build-id --eh-frame-hdr -m elf_x86_64 --hash-style=gnu --as-needed -export-dynamic -dynamic-linker /lib64/ld-linux-x86-64.so.2 -z relro -o cmTC_55db5 /usr/lib/gcc/x86_64-linux-gnu/5/../../../x86_64-linux-gnu/crt1.o /usr/lib/gcc/x86_64-linux-gnu/5/../../../x86_64-linux-gnu/crti.o /usr/lib/gcc/x86_64-linux-gnu/5/crtbegin.o -L/usr/lib/gcc/x86_64-linux-gnu/5 -L/usr/lib/gcc/x86_64-linux-gnu/5/../../../x86_64-linux-gnu -L/usr/lib/gcc/x86_64-linux-gnu/5/../../../../lib -L/lib/x86_64-linux-gnu -L/lib/../lib -L/usr/lib/x86_64-linux-gnu -L/usr/lib/../lib -L/usr/lib/gcc/x86_64-linux-gnu/5/../../.. CMakeFiles/cmTC_55db5.dir/CMakeCCompilerABI.c.o -lgcc --as-needed -lgcc_s --no-as-needed -lc -lgcc --as-needed -lgcc_s --no-as-needed /usr/lib/gcc/x86_64-linux-gnu/5/crtend.o /usr/lib/gcc/x86_64-linux-gnu/5/../../../x86_64-linux-gnu/crtn.o
make[1]: Leaving directory '/home/a/catkin_ws/build/CMakeFiles/CMakeTmp'
>>>>>>> c7b4822037f679cb6c1df5267602ab97035f5d7e
>>>>>>> e7b3a2760bb50d4aa9780186e6f4b9c470248e2c
>>>>>>> 7fd3f594ab455853003ae66a508bfa5d1eaccf3c


Parsed C implicit link information from above output:
  link line regex: [^( *|.*[/\])(ld|([^/\]+-)?ld|collect2)[^/\]*( |$)]
<<<<<<< HEAD
  ignore line: [Change Dir: /home/lian/catkin_ROS/build/CMakeFiles/CMakeTmp]
  ignore line: []
  ignore line: [Run Build Command:"/usr/bin/make" "cmTC_813b0/fast"]
  ignore line: [/usr/bin/make -f CMakeFiles/cmTC_813b0.dir/build.make CMakeFiles/cmTC_813b0.dir/build]
  ignore line: [make[1]: Entering directory '/home/lian/catkin_ROS/build/CMakeFiles/CMakeTmp']
  ignore line: [Building C object CMakeFiles/cmTC_813b0.dir/CMakeCCompilerABI.c.o]
  ignore line: [/usr/bin/cc     -o CMakeFiles/cmTC_813b0.dir/CMakeCCompilerABI.c.o   -c /usr/share/cmake-3.5/Modules/CMakeCCompilerABI.c]
  ignore line: [Linking C executable cmTC_813b0]
  ignore line: [/usr/bin/cmake -E cmake_link_script CMakeFiles/cmTC_813b0.dir/link.txt --verbose=1]
  ignore line: [/usr/bin/cc      -v CMakeFiles/cmTC_813b0.dir/CMakeCCompilerABI.c.o  -o cmTC_813b0 -rdynamic  ]
=======
<<<<<<< HEAD
  ignore line: [Change Dir: /home/lian/ros_ws/build/CMakeFiles/CMakeTmp]
  ignore line: []
  ignore line: [Run Build Command:"/usr/bin/make" "cmTC_7df3b/fast"]
  ignore line: [/usr/bin/make -f CMakeFiles/cmTC_7df3b.dir/build.make CMakeFiles/cmTC_7df3b.dir/build]
  ignore line: [make[1]: Entering directory '/home/lian/ros_ws/build/CMakeFiles/CMakeTmp']
  ignore line: [Building C object CMakeFiles/cmTC_7df3b.dir/CMakeCCompilerABI.c.o]
  ignore line: [/usr/bin/cc     -o CMakeFiles/cmTC_7df3b.dir/CMakeCCompilerABI.c.o   -c /usr/share/cmake-3.5/Modules/CMakeCCompilerABI.c]
  ignore line: [Linking C executable cmTC_7df3b]
  ignore line: [/usr/bin/cmake -E cmake_link_script CMakeFiles/cmTC_7df3b.dir/link.txt --verbose=1]
  ignore line: [/usr/bin/cc      -v CMakeFiles/cmTC_7df3b.dir/CMakeCCompilerABI.c.o  -o cmTC_7df3b -rdynamic  ]
=======
<<<<<<< HEAD
  ignore line: [Change Dir: /home/lian/ros_ws/build/CMakeFiles/CMakeTmp]
  ignore line: []
  ignore line: [Run Build Command:"/usr/bin/make" "cmTC_c0829/fast"]
  ignore line: [/usr/bin/make -f CMakeFiles/cmTC_c0829.dir/build.make CMakeFiles/cmTC_c0829.dir/build]
  ignore line: [make[1]: Entering directory '/home/lian/ros_ws/build/CMakeFiles/CMakeTmp']
  ignore line: [Building C object CMakeFiles/cmTC_c0829.dir/CMakeCCompilerABI.c.o]
  ignore line: [/usr/bin/cc     -o CMakeFiles/cmTC_c0829.dir/CMakeCCompilerABI.c.o   -c /usr/share/cmake-3.5/Modules/CMakeCCompilerABI.c]
  ignore line: [Linking C executable cmTC_c0829]
  ignore line: [/usr/bin/cmake -E cmake_link_script CMakeFiles/cmTC_c0829.dir/link.txt --verbose=1]
  ignore line: [/usr/bin/cc      -v CMakeFiles/cmTC_c0829.dir/CMakeCCompilerABI.c.o  -o cmTC_c0829 -rdynamic  ]
=======
  ignore line: [Change Dir: /home/a/catkin_ws/build/CMakeFiles/CMakeTmp]
  ignore line: []
  ignore line: [Run Build Command:"/usr/bin/make" "cmTC_55db5/fast"]
  ignore line: [/usr/bin/make -f CMakeFiles/cmTC_55db5.dir/build.make CMakeFiles/cmTC_55db5.dir/build]
  ignore line: [make[1]: Entering directory '/home/a/catkin_ws/build/CMakeFiles/CMakeTmp']
  ignore line: [Building C object CMakeFiles/cmTC_55db5.dir/CMakeCCompilerABI.c.o]
  ignore line: [/usr/bin/cc     -o CMakeFiles/cmTC_55db5.dir/CMakeCCompilerABI.c.o   -c /usr/share/cmake-3.5/Modules/CMakeCCompilerABI.c]
  ignore line: [Linking C executable cmTC_55db5]
  ignore line: [/usr/bin/cmake -E cmake_link_script CMakeFiles/cmTC_55db5.dir/link.txt --verbose=1]
  ignore line: [/usr/bin/cc      -v CMakeFiles/cmTC_55db5.dir/CMakeCCompilerABI.c.o  -o cmTC_55db5 -rdynamic  ]
>>>>>>> c7b4822037f679cb6c1df5267602ab97035f5d7e
>>>>>>> e7b3a2760bb50d4aa9780186e6f4b9c470248e2c
>>>>>>> 7fd3f594ab455853003ae66a508bfa5d1eaccf3c
  ignore line: [Using built-in specs.]
  ignore line: [COLLECT_GCC=/usr/bin/cc]
  ignore line: [COLLECT_LTO_WRAPPER=/usr/lib/gcc/x86_64-linux-gnu/5/lto-wrapper]
  ignore line: [Target: x86_64-linux-gnu]
  ignore line: [Configured with: ../src/configure -v --with-pkgversion='Ubuntu 5.4.0-6ubuntu1~16.04.12' --with-bugurl=file:///usr/share/doc/gcc-5/README.Bugs --enable-languages=c,ada,c++,java,go,d,fortran,objc,obj-c++ --prefix=/usr --program-suffix=-5 --enable-shared --enable-linker-build-id --libexecdir=/usr/lib --without-included-gettext --enable-threads=posix --libdir=/usr/lib --enable-nls --with-sysroot=/ --enable-clocale=gnu --enable-libstdcxx-debug --enable-libstdcxx-time=yes --with-default-libstdcxx-abi=new --enable-gnu-unique-object --disable-vtable-verify --enable-libmpx --enable-plugin --with-system-zlib --disable-browser-plugin --enable-java-awt=gtk --enable-gtk-cairo --with-java-home=/usr/lib/jvm/java-1.5.0-gcj-5-amd64/jre --enable-java-home --with-jvm-root-dir=/usr/lib/jvm/java-1.5.0-gcj-5-amd64 --with-jvm-jar-dir=/usr/lib/jvm-exports/java-1.5.0-gcj-5-amd64 --with-arch-directory=amd64 --with-ecj-jar=/usr/share/java/eclipse-ecj.jar --enable-objc-gc --enable-multiarch --disable-werror --with-arch-32=i686 --with-abi=m64 --with-multilib-list=m32,m64,mx32 --enable-multilib --with-tune=generic --enable-checking=release --build=x86_64-linux-gnu --host=x86_64-linux-gnu --target=x86_64-linux-gnu]
  ignore line: [Thread model: posix]
  ignore line: [gcc version 5.4.0 20160609 (Ubuntu 5.4.0-6ubuntu1~16.04.12) ]
  ignore line: [COMPILER_PATH=/usr/lib/gcc/x86_64-linux-gnu/5/:/usr/lib/gcc/x86_64-linux-gnu/5/:/usr/lib/gcc/x86_64-linux-gnu/:/usr/lib/gcc/x86_64-linux-gnu/5/:/usr/lib/gcc/x86_64-linux-gnu/]
  ignore line: [LIBRARY_PATH=/usr/lib/gcc/x86_64-linux-gnu/5/:/usr/lib/gcc/x86_64-linux-gnu/5/../../../x86_64-linux-gnu/:/usr/lib/gcc/x86_64-linux-gnu/5/../../../../lib/:/lib/x86_64-linux-gnu/:/lib/../lib/:/usr/lib/x86_64-linux-gnu/:/usr/lib/../lib/:/usr/lib/gcc/x86_64-linux-gnu/5/../../../:/lib/:/usr/lib/]
<<<<<<< HEAD
  ignore line: [COLLECT_GCC_OPTIONS='-v' '-o' 'cmTC_813b0' '-rdynamic' '-mtune=generic' '-march=x86-64']
  link line: [ /usr/lib/gcc/x86_64-linux-gnu/5/collect2 -plugin /usr/lib/gcc/x86_64-linux-gnu/5/liblto_plugin.so -plugin-opt=/usr/lib/gcc/x86_64-linux-gnu/5/lto-wrapper -plugin-opt=-fresolution=/tmp/cc0qwyYX.res -plugin-opt=-pass-through=-lgcc -plugin-opt=-pass-through=-lgcc_s -plugin-opt=-pass-through=-lc -plugin-opt=-pass-through=-lgcc -plugin-opt=-pass-through=-lgcc_s --sysroot=/ --build-id --eh-frame-hdr -m elf_x86_64 --hash-style=gnu --as-needed -export-dynamic -dynamic-linker /lib64/ld-linux-x86-64.so.2 -z relro -o cmTC_813b0 /usr/lib/gcc/x86_64-linux-gnu/5/../../../x86_64-linux-gnu/crt1.o /usr/lib/gcc/x86_64-linux-gnu/5/../../../x86_64-linux-gnu/crti.o /usr/lib/gcc/x86_64-linux-gnu/5/crtbegin.o -L/usr/lib/gcc/x86_64-linux-gnu/5 -L/usr/lib/gcc/x86_64-linux-gnu/5/../../../x86_64-linux-gnu -L/usr/lib/gcc/x86_64-linux-gnu/5/../../../../lib -L/lib/x86_64-linux-gnu -L/lib/../lib -L/usr/lib/x86_64-linux-gnu -L/usr/lib/../lib -L/usr/lib/gcc/x86_64-linux-gnu/5/../../.. CMakeFiles/cmTC_813b0.dir/CMakeCCompilerABI.c.o -lgcc --as-needed -lgcc_s --no-as-needed -lc -lgcc --as-needed -lgcc_s --no-as-needed /usr/lib/gcc/x86_64-linux-gnu/5/crtend.o /usr/lib/gcc/x86_64-linux-gnu/5/../../../x86_64-linux-gnu/crtn.o]
=======
<<<<<<< HEAD
  ignore line: [COLLECT_GCC_OPTIONS='-v' '-o' 'cmTC_7df3b' '-rdynamic' '-mtune=generic' '-march=x86-64']
  link line: [ /usr/lib/gcc/x86_64-linux-gnu/5/collect2 -plugin /usr/lib/gcc/x86_64-linux-gnu/5/liblto_plugin.so -plugin-opt=/usr/lib/gcc/x86_64-linux-gnu/5/lto-wrapper -plugin-opt=-fresolution=/tmp/ccr6GhuV.res -plugin-opt=-pass-through=-lgcc -plugin-opt=-pass-through=-lgcc_s -plugin-opt=-pass-through=-lc -plugin-opt=-pass-through=-lgcc -plugin-opt=-pass-through=-lgcc_s --sysroot=/ --build-id --eh-frame-hdr -m elf_x86_64 --hash-style=gnu --as-needed -export-dynamic -dynamic-linker /lib64/ld-linux-x86-64.so.2 -z relro -o cmTC_7df3b /usr/lib/gcc/x86_64-linux-gnu/5/../../../x86_64-linux-gnu/crt1.o /usr/lib/gcc/x86_64-linux-gnu/5/../../../x86_64-linux-gnu/crti.o /usr/lib/gcc/x86_64-linux-gnu/5/crtbegin.o -L/usr/lib/gcc/x86_64-linux-gnu/5 -L/usr/lib/gcc/x86_64-linux-gnu/5/../../../x86_64-linux-gnu -L/usr/lib/gcc/x86_64-linux-gnu/5/../../../../lib -L/lib/x86_64-linux-gnu -L/lib/../lib -L/usr/lib/x86_64-linux-gnu -L/usr/lib/../lib -L/usr/lib/gcc/x86_64-linux-gnu/5/../../.. CMakeFiles/cmTC_7df3b.dir/CMakeCCompilerABI.c.o -lgcc --as-needed -lgcc_s --no-as-needed -lc -lgcc --as-needed -lgcc_s --no-as-needed /usr/lib/gcc/x86_64-linux-gnu/5/crtend.o /usr/lib/gcc/x86_64-linux-gnu/5/../../../x86_64-linux-gnu/crtn.o]
=======
<<<<<<< HEAD
  ignore line: [COLLECT_GCC_OPTIONS='-v' '-o' 'cmTC_c0829' '-rdynamic' '-mtune=generic' '-march=x86-64']
  link line: [ /usr/lib/gcc/x86_64-linux-gnu/5/collect2 -plugin /usr/lib/gcc/x86_64-linux-gnu/5/liblto_plugin.so -plugin-opt=/usr/lib/gcc/x86_64-linux-gnu/5/lto-wrapper -plugin-opt=-fresolution=/tmp/cc3xsFof.res -plugin-opt=-pass-through=-lgcc -plugin-opt=-pass-through=-lgcc_s -plugin-opt=-pass-through=-lc -plugin-opt=-pass-through=-lgcc -plugin-opt=-pass-through=-lgcc_s --sysroot=/ --build-id --eh-frame-hdr -m elf_x86_64 --hash-style=gnu --as-needed -export-dynamic -dynamic-linker /lib64/ld-linux-x86-64.so.2 -z relro -o cmTC_c0829 /usr/lib/gcc/x86_64-linux-gnu/5/../../../x86_64-linux-gnu/crt1.o /usr/lib/gcc/x86_64-linux-gnu/5/../../../x86_64-linux-gnu/crti.o /usr/lib/gcc/x86_64-linux-gnu/5/crtbegin.o -L/usr/lib/gcc/x86_64-linux-gnu/5 -L/usr/lib/gcc/x86_64-linux-gnu/5/../../../x86_64-linux-gnu -L/usr/lib/gcc/x86_64-linux-gnu/5/../../../../lib -L/lib/x86_64-linux-gnu -L/lib/../lib -L/usr/lib/x86_64-linux-gnu -L/usr/lib/../lib -L/usr/lib/gcc/x86_64-linux-gnu/5/../../.. CMakeFiles/cmTC_c0829.dir/CMakeCCompilerABI.c.o -lgcc --as-needed -lgcc_s --no-as-needed -lc -lgcc --as-needed -lgcc_s --no-as-needed /usr/lib/gcc/x86_64-linux-gnu/5/crtend.o /usr/lib/gcc/x86_64-linux-gnu/5/../../../x86_64-linux-gnu/crtn.o]
=======
  ignore line: [COLLECT_GCC_OPTIONS='-v' '-o' 'cmTC_55db5' '-rdynamic' '-mtune=generic' '-march=x86-64']
  link line: [ /usr/lib/gcc/x86_64-linux-gnu/5/collect2 -plugin /usr/lib/gcc/x86_64-linux-gnu/5/liblto_plugin.so -plugin-opt=/usr/lib/gcc/x86_64-linux-gnu/5/lto-wrapper -plugin-opt=-fresolution=/tmp/ccQDzho9.res -plugin-opt=-pass-through=-lgcc -plugin-opt=-pass-through=-lgcc_s -plugin-opt=-pass-through=-lc -plugin-opt=-pass-through=-lgcc -plugin-opt=-pass-through=-lgcc_s --sysroot=/ --build-id --eh-frame-hdr -m elf_x86_64 --hash-style=gnu --as-needed -export-dynamic -dynamic-linker /lib64/ld-linux-x86-64.so.2 -z relro -o cmTC_55db5 /usr/lib/gcc/x86_64-linux-gnu/5/../../../x86_64-linux-gnu/crt1.o /usr/lib/gcc/x86_64-linux-gnu/5/../../../x86_64-linux-gnu/crti.o /usr/lib/gcc/x86_64-linux-gnu/5/crtbegin.o -L/usr/lib/gcc/x86_64-linux-gnu/5 -L/usr/lib/gcc/x86_64-linux-gnu/5/../../../x86_64-linux-gnu -L/usr/lib/gcc/x86_64-linux-gnu/5/../../../../lib -L/lib/x86_64-linux-gnu -L/lib/../lib -L/usr/lib/x86_64-linux-gnu -L/usr/lib/../lib -L/usr/lib/gcc/x86_64-linux-gnu/5/../../.. CMakeFiles/cmTC_55db5.dir/CMakeCCompilerABI.c.o -lgcc --as-needed -lgcc_s --no-as-needed -lc -lgcc --as-needed -lgcc_s --no-as-needed /usr/lib/gcc/x86_64-linux-gnu/5/crtend.o /usr/lib/gcc/x86_64-linux-gnu/5/../../../x86_64-linux-gnu/crtn.o]
>>>>>>> c7b4822037f679cb6c1df5267602ab97035f5d7e
>>>>>>> e7b3a2760bb50d4aa9780186e6f4b9c470248e2c
>>>>>>> 7fd3f594ab455853003ae66a508bfa5d1eaccf3c
    arg [/usr/lib/gcc/x86_64-linux-gnu/5/collect2] ==> ignore
    arg [-plugin] ==> ignore
    arg [/usr/lib/gcc/x86_64-linux-gnu/5/liblto_plugin.so] ==> ignore
    arg [-plugin-opt=/usr/lib/gcc/x86_64-linux-gnu/5/lto-wrapper] ==> ignore
<<<<<<< HEAD
    arg [-plugin-opt=-fresolution=/tmp/cc0qwyYX.res] ==> ignore
=======
<<<<<<< HEAD
    arg [-plugin-opt=-fresolution=/tmp/ccr6GhuV.res] ==> ignore
=======
<<<<<<< HEAD
    arg [-plugin-opt=-fresolution=/tmp/cc3xsFof.res] ==> ignore
=======
    arg [-plugin-opt=-fresolution=/tmp/ccQDzho9.res] ==> ignore
>>>>>>> c7b4822037f679cb6c1df5267602ab97035f5d7e
>>>>>>> e7b3a2760bb50d4aa9780186e6f4b9c470248e2c
>>>>>>> 7fd3f594ab455853003ae66a508bfa5d1eaccf3c
    arg [-plugin-opt=-pass-through=-lgcc] ==> ignore
    arg [-plugin-opt=-pass-through=-lgcc_s] ==> ignore
    arg [-plugin-opt=-pass-through=-lc] ==> ignore
    arg [-plugin-opt=-pass-through=-lgcc] ==> ignore
    arg [-plugin-opt=-pass-through=-lgcc_s] ==> ignore
    arg [--sysroot=/] ==> ignore
    arg [--build-id] ==> ignore
    arg [--eh-frame-hdr] ==> ignore
    arg [-m] ==> ignore
    arg [elf_x86_64] ==> ignore
    arg [--hash-style=gnu] ==> ignore
    arg [--as-needed] ==> ignore
    arg [-export-dynamic] ==> ignore
    arg [-dynamic-linker] ==> ignore
    arg [/lib64/ld-linux-x86-64.so.2] ==> ignore
    arg [-zrelro] ==> ignore
    arg [-o] ==> ignore
<<<<<<< HEAD
    arg [cmTC_813b0] ==> ignore
=======
<<<<<<< HEAD
    arg [cmTC_7df3b] ==> ignore
=======
<<<<<<< HEAD
    arg [cmTC_c0829] ==> ignore
=======
    arg [cmTC_55db5] ==> ignore
>>>>>>> c7b4822037f679cb6c1df5267602ab97035f5d7e
>>>>>>> e7b3a2760bb50d4aa9780186e6f4b9c470248e2c
>>>>>>> 7fd3f594ab455853003ae66a508bfa5d1eaccf3c
    arg [/usr/lib/gcc/x86_64-linux-gnu/5/../../../x86_64-linux-gnu/crt1.o] ==> ignore
    arg [/usr/lib/gcc/x86_64-linux-gnu/5/../../../x86_64-linux-gnu/crti.o] ==> ignore
    arg [/usr/lib/gcc/x86_64-linux-gnu/5/crtbegin.o] ==> ignore
    arg [-L/usr/lib/gcc/x86_64-linux-gnu/5] ==> dir [/usr/lib/gcc/x86_64-linux-gnu/5]
    arg [-L/usr/lib/gcc/x86_64-linux-gnu/5/../../../x86_64-linux-gnu] ==> dir [/usr/lib/gcc/x86_64-linux-gnu/5/../../../x86_64-linux-gnu]
    arg [-L/usr/lib/gcc/x86_64-linux-gnu/5/../../../../lib] ==> dir [/usr/lib/gcc/x86_64-linux-gnu/5/../../../../lib]
    arg [-L/lib/x86_64-linux-gnu] ==> dir [/lib/x86_64-linux-gnu]
    arg [-L/lib/../lib] ==> dir [/lib/../lib]
    arg [-L/usr/lib/x86_64-linux-gnu] ==> dir [/usr/lib/x86_64-linux-gnu]
    arg [-L/usr/lib/../lib] ==> dir [/usr/lib/../lib]
    arg [-L/usr/lib/gcc/x86_64-linux-gnu/5/../../..] ==> dir [/usr/lib/gcc/x86_64-linux-gnu/5/../../..]
<<<<<<< HEAD
    arg [CMakeFiles/cmTC_813b0.dir/CMakeCCompilerABI.c.o] ==> ignore
=======
<<<<<<< HEAD
    arg [CMakeFiles/cmTC_7df3b.dir/CMakeCCompilerABI.c.o] ==> ignore
=======
<<<<<<< HEAD
    arg [CMakeFiles/cmTC_c0829.dir/CMakeCCompilerABI.c.o] ==> ignore
=======
    arg [CMakeFiles/cmTC_55db5.dir/CMakeCCompilerABI.c.o] ==> ignore
>>>>>>> c7b4822037f679cb6c1df5267602ab97035f5d7e
>>>>>>> e7b3a2760bb50d4aa9780186e6f4b9c470248e2c
>>>>>>> 7fd3f594ab455853003ae66a508bfa5d1eaccf3c
    arg [-lgcc] ==> lib [gcc]
    arg [--as-needed] ==> ignore
    arg [-lgcc_s] ==> lib [gcc_s]
    arg [--no-as-needed] ==> ignore
    arg [-lc] ==> lib [c]
    arg [-lgcc] ==> lib [gcc]
    arg [--as-needed] ==> ignore
    arg [-lgcc_s] ==> lib [gcc_s]
    arg [--no-as-needed] ==> ignore
    arg [/usr/lib/gcc/x86_64-linux-gnu/5/crtend.o] ==> ignore
    arg [/usr/lib/gcc/x86_64-linux-gnu/5/../../../x86_64-linux-gnu/crtn.o] ==> ignore
  remove lib [gcc]
  remove lib [gcc_s]
  remove lib [gcc]
  remove lib [gcc_s]
  collapse library dir [/usr/lib/gcc/x86_64-linux-gnu/5] ==> [/usr/lib/gcc/x86_64-linux-gnu/5]
  collapse library dir [/usr/lib/gcc/x86_64-linux-gnu/5/../../../x86_64-linux-gnu] ==> [/usr/lib/x86_64-linux-gnu]
  collapse library dir [/usr/lib/gcc/x86_64-linux-gnu/5/../../../../lib] ==> [/usr/lib]
  collapse library dir [/lib/x86_64-linux-gnu] ==> [/lib/x86_64-linux-gnu]
  collapse library dir [/lib/../lib] ==> [/lib]
  collapse library dir [/usr/lib/x86_64-linux-gnu] ==> [/usr/lib/x86_64-linux-gnu]
  collapse library dir [/usr/lib/../lib] ==> [/usr/lib]
  collapse library dir [/usr/lib/gcc/x86_64-linux-gnu/5/../../..] ==> [/usr/lib]
  implicit libs: [c]
  implicit dirs: [/usr/lib/gcc/x86_64-linux-gnu/5;/usr/lib/x86_64-linux-gnu;/usr/lib;/lib/x86_64-linux-gnu;/lib]
  implicit fwks: []




Detecting C [-std=c11] compiler features compiled with the following output:
<<<<<<< HEAD
Change Dir: /home/lian/catkin_ROS/build/CMakeFiles/CMakeTmp

Run Build Command:"/usr/bin/make" "cmTC_e4773/fast"
/usr/bin/make -f CMakeFiles/cmTC_e4773.dir/build.make CMakeFiles/cmTC_e4773.dir/build
make[1]: Entering directory '/home/lian/catkin_ROS/build/CMakeFiles/CMakeTmp'
Building C object CMakeFiles/cmTC_e4773.dir/feature_tests.c.o
/usr/bin/cc    -std=c11 -o CMakeFiles/cmTC_e4773.dir/feature_tests.c.o   -c /home/lian/catkin_ROS/build/CMakeFiles/feature_tests.c
Linking C executable cmTC_e4773
/usr/bin/cmake -E cmake_link_script CMakeFiles/cmTC_e4773.dir/link.txt --verbose=1
/usr/bin/cc       CMakeFiles/cmTC_e4773.dir/feature_tests.c.o  -o cmTC_e4773 -rdynamic 
make[1]: Leaving directory '/home/lian/catkin_ROS/build/CMakeFiles/CMakeTmp'
=======
<<<<<<< HEAD
Change Dir: /home/lian/ros_ws/build/CMakeFiles/CMakeTmp

Run Build Command:"/usr/bin/make" "cmTC_ebb6d/fast"
/usr/bin/make -f CMakeFiles/cmTC_ebb6d.dir/build.make CMakeFiles/cmTC_ebb6d.dir/build
make[1]: Entering directory '/home/lian/ros_ws/build/CMakeFiles/CMakeTmp'
Building C object CMakeFiles/cmTC_ebb6d.dir/feature_tests.c.o
/usr/bin/cc    -std=c11 -o CMakeFiles/cmTC_ebb6d.dir/feature_tests.c.o   -c /home/lian/ros_ws/build/CMakeFiles/feature_tests.c
Linking C executable cmTC_ebb6d
/usr/bin/cmake -E cmake_link_script CMakeFiles/cmTC_ebb6d.dir/link.txt --verbose=1
/usr/bin/cc       CMakeFiles/cmTC_ebb6d.dir/feature_tests.c.o  -o cmTC_ebb6d -rdynamic 
make[1]: Leaving directory '/home/lian/ros_ws/build/CMakeFiles/CMakeTmp'
=======
<<<<<<< HEAD
Change Dir: /home/lian/ros_ws/build/CMakeFiles/CMakeTmp

Run Build Command:"/usr/bin/make" "cmTC_b1a93/fast"
/usr/bin/make -f CMakeFiles/cmTC_b1a93.dir/build.make CMakeFiles/cmTC_b1a93.dir/build
make[1]: Entering directory '/home/lian/ros_ws/build/CMakeFiles/CMakeTmp'
Building C object CMakeFiles/cmTC_b1a93.dir/feature_tests.c.o
/usr/bin/cc    -std=c11 -o CMakeFiles/cmTC_b1a93.dir/feature_tests.c.o   -c /home/lian/ros_ws/build/CMakeFiles/feature_tests.c
Linking C executable cmTC_b1a93
/usr/bin/cmake -E cmake_link_script CMakeFiles/cmTC_b1a93.dir/link.txt --verbose=1
/usr/bin/cc       CMakeFiles/cmTC_b1a93.dir/feature_tests.c.o  -o cmTC_b1a93 -rdynamic 
make[1]: Leaving directory '/home/lian/ros_ws/build/CMakeFiles/CMakeTmp'
=======
Change Dir: /home/a/catkin_ws/build/CMakeFiles/CMakeTmp

Run Build Command:"/usr/bin/make" "cmTC_9027a/fast"
/usr/bin/make -f CMakeFiles/cmTC_9027a.dir/build.make CMakeFiles/cmTC_9027a.dir/build
make[1]: Entering directory '/home/a/catkin_ws/build/CMakeFiles/CMakeTmp'
Building C object CMakeFiles/cmTC_9027a.dir/feature_tests.c.o
/usr/bin/cc    -std=c11 -o CMakeFiles/cmTC_9027a.dir/feature_tests.c.o   -c /home/a/catkin_ws/build/CMakeFiles/feature_tests.c
Linking C executable cmTC_9027a
/usr/bin/cmake -E cmake_link_script CMakeFiles/cmTC_9027a.dir/link.txt --verbose=1
/usr/bin/cc       CMakeFiles/cmTC_9027a.dir/feature_tests.c.o  -o cmTC_9027a -rdynamic 
make[1]: Leaving directory '/home/a/catkin_ws/build/CMakeFiles/CMakeTmp'
>>>>>>> c7b4822037f679cb6c1df5267602ab97035f5d7e
>>>>>>> e7b3a2760bb50d4aa9780186e6f4b9c470248e2c
>>>>>>> 7fd3f594ab455853003ae66a508bfa5d1eaccf3c


    Feature record: C_FEATURE:1c_function_prototypes
    Feature record: C_FEATURE:1c_restrict
    Feature record: C_FEATURE:1c_static_assert
    Feature record: C_FEATURE:1c_variadic_macros


Detecting C [-std=c99] compiler features compiled with the following output:
<<<<<<< HEAD
Change Dir: /home/lian/catkin_ROS/build/CMakeFiles/CMakeTmp

Run Build Command:"/usr/bin/make" "cmTC_73edd/fast"
/usr/bin/make -f CMakeFiles/cmTC_73edd.dir/build.make CMakeFiles/cmTC_73edd.dir/build
make[1]: Entering directory '/home/lian/catkin_ROS/build/CMakeFiles/CMakeTmp'
Building C object CMakeFiles/cmTC_73edd.dir/feature_tests.c.o
/usr/bin/cc    -std=c99 -o CMakeFiles/cmTC_73edd.dir/feature_tests.c.o   -c /home/lian/catkin_ROS/build/CMakeFiles/feature_tests.c
Linking C executable cmTC_73edd
/usr/bin/cmake -E cmake_link_script CMakeFiles/cmTC_73edd.dir/link.txt --verbose=1
/usr/bin/cc       CMakeFiles/cmTC_73edd.dir/feature_tests.c.o  -o cmTC_73edd -rdynamic 
make[1]: Leaving directory '/home/lian/catkin_ROS/build/CMakeFiles/CMakeTmp'
=======
<<<<<<< HEAD
Change Dir: /home/lian/ros_ws/build/CMakeFiles/CMakeTmp

Run Build Command:"/usr/bin/make" "cmTC_8c453/fast"
/usr/bin/make -f CMakeFiles/cmTC_8c453.dir/build.make CMakeFiles/cmTC_8c453.dir/build
make[1]: Entering directory '/home/lian/ros_ws/build/CMakeFiles/CMakeTmp'
Building C object CMakeFiles/cmTC_8c453.dir/feature_tests.c.o
/usr/bin/cc    -std=c99 -o CMakeFiles/cmTC_8c453.dir/feature_tests.c.o   -c /home/lian/ros_ws/build/CMakeFiles/feature_tests.c
Linking C executable cmTC_8c453
/usr/bin/cmake -E cmake_link_script CMakeFiles/cmTC_8c453.dir/link.txt --verbose=1
/usr/bin/cc       CMakeFiles/cmTC_8c453.dir/feature_tests.c.o  -o cmTC_8c453 -rdynamic 
make[1]: Leaving directory '/home/lian/ros_ws/build/CMakeFiles/CMakeTmp'
=======
<<<<<<< HEAD
Change Dir: /home/lian/ros_ws/build/CMakeFiles/CMakeTmp

Run Build Command:"/usr/bin/make" "cmTC_7bbd7/fast"
/usr/bin/make -f CMakeFiles/cmTC_7bbd7.dir/build.make CMakeFiles/cmTC_7bbd7.dir/build
make[1]: Entering directory '/home/lian/ros_ws/build/CMakeFiles/CMakeTmp'
Building C object CMakeFiles/cmTC_7bbd7.dir/feature_tests.c.o
/usr/bin/cc    -std=c99 -o CMakeFiles/cmTC_7bbd7.dir/feature_tests.c.o   -c /home/lian/ros_ws/build/CMakeFiles/feature_tests.c
Linking C executable cmTC_7bbd7
/usr/bin/cmake -E cmake_link_script CMakeFiles/cmTC_7bbd7.dir/link.txt --verbose=1
/usr/bin/cc       CMakeFiles/cmTC_7bbd7.dir/feature_tests.c.o  -o cmTC_7bbd7 -rdynamic 
make[1]: Leaving directory '/home/lian/ros_ws/build/CMakeFiles/CMakeTmp'
=======
Change Dir: /home/a/catkin_ws/build/CMakeFiles/CMakeTmp

Run Build Command:"/usr/bin/make" "cmTC_bcbee/fast"
/usr/bin/make -f CMakeFiles/cmTC_bcbee.dir/build.make CMakeFiles/cmTC_bcbee.dir/build
make[1]: Entering directory '/home/a/catkin_ws/build/CMakeFiles/CMakeTmp'
Building C object CMakeFiles/cmTC_bcbee.dir/feature_tests.c.o
/usr/bin/cc    -std=c99 -o CMakeFiles/cmTC_bcbee.dir/feature_tests.c.o   -c /home/a/catkin_ws/build/CMakeFiles/feature_tests.c
Linking C executable cmTC_bcbee
/usr/bin/cmake -E cmake_link_script CMakeFiles/cmTC_bcbee.dir/link.txt --verbose=1
/usr/bin/cc       CMakeFiles/cmTC_bcbee.dir/feature_tests.c.o  -o cmTC_bcbee -rdynamic 
make[1]: Leaving directory '/home/a/catkin_ws/build/CMakeFiles/CMakeTmp'
>>>>>>> c7b4822037f679cb6c1df5267602ab97035f5d7e
>>>>>>> e7b3a2760bb50d4aa9780186e6f4b9c470248e2c
>>>>>>> 7fd3f594ab455853003ae66a508bfa5d1eaccf3c


    Feature record: C_FEATURE:1c_function_prototypes
    Feature record: C_FEATURE:1c_restrict
    Feature record: C_FEATURE:0c_static_assert
    Feature record: C_FEATURE:1c_variadic_macros


Detecting C [-std=c90] compiler features compiled with the following output:
<<<<<<< HEAD
Change Dir: /home/lian/catkin_ROS/build/CMakeFiles/CMakeTmp

Run Build Command:"/usr/bin/make" "cmTC_ca6f8/fast"
/usr/bin/make -f CMakeFiles/cmTC_ca6f8.dir/build.make CMakeFiles/cmTC_ca6f8.dir/build
make[1]: Entering directory '/home/lian/catkin_ROS/build/CMakeFiles/CMakeTmp'
Building C object CMakeFiles/cmTC_ca6f8.dir/feature_tests.c.o
/usr/bin/cc    -std=c90 -o CMakeFiles/cmTC_ca6f8.dir/feature_tests.c.o   -c /home/lian/catkin_ROS/build/CMakeFiles/feature_tests.c
Linking C executable cmTC_ca6f8
/usr/bin/cmake -E cmake_link_script CMakeFiles/cmTC_ca6f8.dir/link.txt --verbose=1
/usr/bin/cc       CMakeFiles/cmTC_ca6f8.dir/feature_tests.c.o  -o cmTC_ca6f8 -rdynamic 
make[1]: Leaving directory '/home/lian/catkin_ROS/build/CMakeFiles/CMakeTmp'
=======
<<<<<<< HEAD
Change Dir: /home/lian/ros_ws/build/CMakeFiles/CMakeTmp

Run Build Command:"/usr/bin/make" "cmTC_74d0f/fast"
/usr/bin/make -f CMakeFiles/cmTC_74d0f.dir/build.make CMakeFiles/cmTC_74d0f.dir/build
make[1]: Entering directory '/home/lian/ros_ws/build/CMakeFiles/CMakeTmp'
Building C object CMakeFiles/cmTC_74d0f.dir/feature_tests.c.o
/usr/bin/cc    -std=c90 -o CMakeFiles/cmTC_74d0f.dir/feature_tests.c.o   -c /home/lian/ros_ws/build/CMakeFiles/feature_tests.c
Linking C executable cmTC_74d0f
/usr/bin/cmake -E cmake_link_script CMakeFiles/cmTC_74d0f.dir/link.txt --verbose=1
/usr/bin/cc       CMakeFiles/cmTC_74d0f.dir/feature_tests.c.o  -o cmTC_74d0f -rdynamic 
make[1]: Leaving directory '/home/lian/ros_ws/build/CMakeFiles/CMakeTmp'
=======
<<<<<<< HEAD
Change Dir: /home/lian/ros_ws/build/CMakeFiles/CMakeTmp

Run Build Command:"/usr/bin/make" "cmTC_25a92/fast"
/usr/bin/make -f CMakeFiles/cmTC_25a92.dir/build.make CMakeFiles/cmTC_25a92.dir/build
make[1]: Entering directory '/home/lian/ros_ws/build/CMakeFiles/CMakeTmp'
Building C object CMakeFiles/cmTC_25a92.dir/feature_tests.c.o
/usr/bin/cc    -std=c90 -o CMakeFiles/cmTC_25a92.dir/feature_tests.c.o   -c /home/lian/ros_ws/build/CMakeFiles/feature_tests.c
Linking C executable cmTC_25a92
/usr/bin/cmake -E cmake_link_script CMakeFiles/cmTC_25a92.dir/link.txt --verbose=1
/usr/bin/cc       CMakeFiles/cmTC_25a92.dir/feature_tests.c.o  -o cmTC_25a92 -rdynamic 
make[1]: Leaving directory '/home/lian/ros_ws/build/CMakeFiles/CMakeTmp'
=======
Change Dir: /home/a/catkin_ws/build/CMakeFiles/CMakeTmp

Run Build Command:"/usr/bin/make" "cmTC_5bbbc/fast"
/usr/bin/make -f CMakeFiles/cmTC_5bbbc.dir/build.make CMakeFiles/cmTC_5bbbc.dir/build
make[1]: Entering directory '/home/a/catkin_ws/build/CMakeFiles/CMakeTmp'
Building C object CMakeFiles/cmTC_5bbbc.dir/feature_tests.c.o
/usr/bin/cc    -std=c90 -o CMakeFiles/cmTC_5bbbc.dir/feature_tests.c.o   -c /home/a/catkin_ws/build/CMakeFiles/feature_tests.c
Linking C executable cmTC_5bbbc
/usr/bin/cmake -E cmake_link_script CMakeFiles/cmTC_5bbbc.dir/link.txt --verbose=1
/usr/bin/cc       CMakeFiles/cmTC_5bbbc.dir/feature_tests.c.o  -o cmTC_5bbbc -rdynamic 
make[1]: Leaving directory '/home/a/catkin_ws/build/CMakeFiles/CMakeTmp'
>>>>>>> c7b4822037f679cb6c1df5267602ab97035f5d7e
>>>>>>> e7b3a2760bb50d4aa9780186e6f4b9c470248e2c
>>>>>>> 7fd3f594ab455853003ae66a508bfa5d1eaccf3c


    Feature record: C_FEATURE:1c_function_prototypes
    Feature record: C_FEATURE:0c_restrict
    Feature record: C_FEATURE:0c_static_assert
    Feature record: C_FEATURE:0c_variadic_macros
Determining if the CXX compiler works passed with the following output:
<<<<<<< HEAD
Change Dir: /home/lian/catkin_ROS/build/CMakeFiles/CMakeTmp

Run Build Command:"/usr/bin/make" "cmTC_c8715/fast"
/usr/bin/make -f CMakeFiles/cmTC_c8715.dir/build.make CMakeFiles/cmTC_c8715.dir/build
make[1]: Entering directory '/home/lian/catkin_ROS/build/CMakeFiles/CMakeTmp'
Building CXX object CMakeFiles/cmTC_c8715.dir/testCXXCompiler.cxx.o
/usr/bin/c++      -o CMakeFiles/cmTC_c8715.dir/testCXXCompiler.cxx.o -c /home/lian/catkin_ROS/build/CMakeFiles/CMakeTmp/testCXXCompiler.cxx
Linking CXX executable cmTC_c8715
/usr/bin/cmake -E cmake_link_script CMakeFiles/cmTC_c8715.dir/link.txt --verbose=1
/usr/bin/c++        CMakeFiles/cmTC_c8715.dir/testCXXCompiler.cxx.o  -o cmTC_c8715 -rdynamic 
make[1]: Leaving directory '/home/lian/catkin_ROS/build/CMakeFiles/CMakeTmp'


Detecting CXX compiler ABI info compiled with the following output:
Change Dir: /home/lian/catkin_ROS/build/CMakeFiles/CMakeTmp

Run Build Command:"/usr/bin/make" "cmTC_ebac6/fast"
/usr/bin/make -f CMakeFiles/cmTC_ebac6.dir/build.make CMakeFiles/cmTC_ebac6.dir/build
make[1]: Entering directory '/home/lian/catkin_ROS/build/CMakeFiles/CMakeTmp'
Building CXX object CMakeFiles/cmTC_ebac6.dir/CMakeCXXCompilerABI.cpp.o
/usr/bin/c++      -o CMakeFiles/cmTC_ebac6.dir/CMakeCXXCompilerABI.cpp.o -c /usr/share/cmake-3.5/Modules/CMakeCXXCompilerABI.cpp
Linking CXX executable cmTC_ebac6
/usr/bin/cmake -E cmake_link_script CMakeFiles/cmTC_ebac6.dir/link.txt --verbose=1
/usr/bin/c++       -v CMakeFiles/cmTC_ebac6.dir/CMakeCXXCompilerABI.cpp.o  -o cmTC_ebac6 -rdynamic  
=======
<<<<<<< HEAD
Change Dir: /home/lian/ros_ws/build/CMakeFiles/CMakeTmp

Run Build Command:"/usr/bin/make" "cmTC_45b71/fast"
/usr/bin/make -f CMakeFiles/cmTC_45b71.dir/build.make CMakeFiles/cmTC_45b71.dir/build
make[1]: Entering directory '/home/lian/ros_ws/build/CMakeFiles/CMakeTmp'
Building CXX object CMakeFiles/cmTC_45b71.dir/testCXXCompiler.cxx.o
/usr/bin/c++      -o CMakeFiles/cmTC_45b71.dir/testCXXCompiler.cxx.o -c /home/lian/ros_ws/build/CMakeFiles/CMakeTmp/testCXXCompiler.cxx
Linking CXX executable cmTC_45b71
/usr/bin/cmake -E cmake_link_script CMakeFiles/cmTC_45b71.dir/link.txt --verbose=1
/usr/bin/c++        CMakeFiles/cmTC_45b71.dir/testCXXCompiler.cxx.o  -o cmTC_45b71 -rdynamic 
=======
<<<<<<< HEAD
Change Dir: /home/lian/ros_ws/build/CMakeFiles/CMakeTmp

Run Build Command:"/usr/bin/make" "cmTC_6193a/fast"
/usr/bin/make -f CMakeFiles/cmTC_6193a.dir/build.make CMakeFiles/cmTC_6193a.dir/build
make[1]: Entering directory '/home/lian/ros_ws/build/CMakeFiles/CMakeTmp'
Building CXX object CMakeFiles/cmTC_6193a.dir/testCXXCompiler.cxx.o
/usr/bin/c++      -o CMakeFiles/cmTC_6193a.dir/testCXXCompiler.cxx.o -c /home/lian/ros_ws/build/CMakeFiles/CMakeTmp/testCXXCompiler.cxx
Linking CXX executable cmTC_6193a
/usr/bin/cmake -E cmake_link_script CMakeFiles/cmTC_6193a.dir/link.txt --verbose=1
/usr/bin/c++        CMakeFiles/cmTC_6193a.dir/testCXXCompiler.cxx.o  -o cmTC_6193a -rdynamic 
>>>>>>> e7b3a2760bb50d4aa9780186e6f4b9c470248e2c
make[1]: Leaving directory '/home/lian/ros_ws/build/CMakeFiles/CMakeTmp'


Detecting CXX compiler ABI info compiled with the following output:
Change Dir: /home/lian/ros_ws/build/CMakeFiles/CMakeTmp

<<<<<<< HEAD
Run Build Command:"/usr/bin/make" "cmTC_2a503/fast"
/usr/bin/make -f CMakeFiles/cmTC_2a503.dir/build.make CMakeFiles/cmTC_2a503.dir/build
make[1]: Entering directory '/home/lian/ros_ws/build/CMakeFiles/CMakeTmp'
Building CXX object CMakeFiles/cmTC_2a503.dir/CMakeCXXCompilerABI.cpp.o
/usr/bin/c++      -o CMakeFiles/cmTC_2a503.dir/CMakeCXXCompilerABI.cpp.o -c /usr/share/cmake-3.5/Modules/CMakeCXXCompilerABI.cpp
Linking CXX executable cmTC_2a503
/usr/bin/cmake -E cmake_link_script CMakeFiles/cmTC_2a503.dir/link.txt --verbose=1
/usr/bin/c++       -v CMakeFiles/cmTC_2a503.dir/CMakeCXXCompilerABI.cpp.o  -o cmTC_2a503 -rdynamic  
=======
Run Build Command:"/usr/bin/make" "cmTC_58ba2/fast"
/usr/bin/make -f CMakeFiles/cmTC_58ba2.dir/build.make CMakeFiles/cmTC_58ba2.dir/build
make[1]: Entering directory '/home/lian/ros_ws/build/CMakeFiles/CMakeTmp'
Building CXX object CMakeFiles/cmTC_58ba2.dir/CMakeCXXCompilerABI.cpp.o
/usr/bin/c++      -o CMakeFiles/cmTC_58ba2.dir/CMakeCXXCompilerABI.cpp.o -c /usr/share/cmake-3.5/Modules/CMakeCXXCompilerABI.cpp
Linking CXX executable cmTC_58ba2
/usr/bin/cmake -E cmake_link_script CMakeFiles/cmTC_58ba2.dir/link.txt --verbose=1
/usr/bin/c++       -v CMakeFiles/cmTC_58ba2.dir/CMakeCXXCompilerABI.cpp.o  -o cmTC_58ba2 -rdynamic  
=======
Change Dir: /home/a/catkin_ws/build/CMakeFiles/CMakeTmp

Run Build Command:"/usr/bin/make" "cmTC_c00ca/fast"
/usr/bin/make -f CMakeFiles/cmTC_c00ca.dir/build.make CMakeFiles/cmTC_c00ca.dir/build
make[1]: Entering directory '/home/a/catkin_ws/build/CMakeFiles/CMakeTmp'
Building CXX object CMakeFiles/cmTC_c00ca.dir/testCXXCompiler.cxx.o
/usr/bin/c++      -o CMakeFiles/cmTC_c00ca.dir/testCXXCompiler.cxx.o -c /home/a/catkin_ws/build/CMakeFiles/CMakeTmp/testCXXCompiler.cxx
Linking CXX executable cmTC_c00ca
/usr/bin/cmake -E cmake_link_script CMakeFiles/cmTC_c00ca.dir/link.txt --verbose=1
/usr/bin/c++        CMakeFiles/cmTC_c00ca.dir/testCXXCompiler.cxx.o  -o cmTC_c00ca -rdynamic 
make[1]: Leaving directory '/home/a/catkin_ws/build/CMakeFiles/CMakeTmp'


Detecting CXX compiler ABI info compiled with the following output:
Change Dir: /home/a/catkin_ws/build/CMakeFiles/CMakeTmp

Run Build Command:"/usr/bin/make" "cmTC_557be/fast"
/usr/bin/make -f CMakeFiles/cmTC_557be.dir/build.make CMakeFiles/cmTC_557be.dir/build
make[1]: Entering directory '/home/a/catkin_ws/build/CMakeFiles/CMakeTmp'
Building CXX object CMakeFiles/cmTC_557be.dir/CMakeCXXCompilerABI.cpp.o
/usr/bin/c++      -o CMakeFiles/cmTC_557be.dir/CMakeCXXCompilerABI.cpp.o -c /usr/share/cmake-3.5/Modules/CMakeCXXCompilerABI.cpp
Linking CXX executable cmTC_557be
/usr/bin/cmake -E cmake_link_script CMakeFiles/cmTC_557be.dir/link.txt --verbose=1
/usr/bin/c++       -v CMakeFiles/cmTC_557be.dir/CMakeCXXCompilerABI.cpp.o  -o cmTC_557be -rdynamic  
>>>>>>> c7b4822037f679cb6c1df5267602ab97035f5d7e
>>>>>>> e7b3a2760bb50d4aa9780186e6f4b9c470248e2c
>>>>>>> 7fd3f594ab455853003ae66a508bfa5d1eaccf3c
Using built-in specs.
COLLECT_GCC=/usr/bin/c++
COLLECT_LTO_WRAPPER=/usr/lib/gcc/x86_64-linux-gnu/5/lto-wrapper
Target: x86_64-linux-gnu
Configured with: ../src/configure -v --with-pkgversion='Ubuntu 5.4.0-6ubuntu1~16.04.12' --with-bugurl=file:///usr/share/doc/gcc-5/README.Bugs --enable-languages=c,ada,c++,java,go,d,fortran,objc,obj-c++ --prefix=/usr --program-suffix=-5 --enable-shared --enable-linker-build-id --libexecdir=/usr/lib --without-included-gettext --enable-threads=posix --libdir=/usr/lib --enable-nls --with-sysroot=/ --enable-clocale=gnu --enable-libstdcxx-debug --enable-libstdcxx-time=yes --with-default-libstdcxx-abi=new --enable-gnu-unique-object --disable-vtable-verify --enable-libmpx --enable-plugin --with-system-zlib --disable-browser-plugin --enable-java-awt=gtk --enable-gtk-cairo --with-java-home=/usr/lib/jvm/java-1.5.0-gcj-5-amd64/jre --enable-java-home --with-jvm-root-dir=/usr/lib/jvm/java-1.5.0-gcj-5-amd64 --with-jvm-jar-dir=/usr/lib/jvm-exports/java-1.5.0-gcj-5-amd64 --with-arch-directory=amd64 --with-ecj-jar=/usr/share/java/eclipse-ecj.jar --enable-objc-gc --enable-multiarch --disable-werror --with-arch-32=i686 --with-abi=m64 --with-multilib-list=m32,m64,mx32 --enable-multilib --with-tune=generic --enable-checking=release --build=x86_64-linux-gnu --host=x86_64-linux-gnu --target=x86_64-linux-gnu
Thread model: posix
gcc version 5.4.0 20160609 (Ubuntu 5.4.0-6ubuntu1~16.04.12) 
COMPILER_PATH=/usr/lib/gcc/x86_64-linux-gnu/5/:/usr/lib/gcc/x86_64-linux-gnu/5/:/usr/lib/gcc/x86_64-linux-gnu/:/usr/lib/gcc/x86_64-linux-gnu/5/:/usr/lib/gcc/x86_64-linux-gnu/
LIBRARY_PATH=/usr/lib/gcc/x86_64-linux-gnu/5/:/usr/lib/gcc/x86_64-linux-gnu/5/../../../x86_64-linux-gnu/:/usr/lib/gcc/x86_64-linux-gnu/5/../../../../lib/:/lib/x86_64-linux-gnu/:/lib/../lib/:/usr/lib/x86_64-linux-gnu/:/usr/lib/../lib/:/usr/lib/gcc/x86_64-linux-gnu/5/../../../:/lib/:/usr/lib/
<<<<<<< HEAD
COLLECT_GCC_OPTIONS='-v' '-o' 'cmTC_ebac6' '-rdynamic' '-shared-libgcc' '-mtune=generic' '-march=x86-64'
 /usr/lib/gcc/x86_64-linux-gnu/5/collect2 -plugin /usr/lib/gcc/x86_64-linux-gnu/5/liblto_plugin.so -plugin-opt=/usr/lib/gcc/x86_64-linux-gnu/5/lto-wrapper -plugin-opt=-fresolution=/tmp/ccyFaT57.res -plugin-opt=-pass-through=-lgcc_s -plugin-opt=-pass-through=-lgcc -plugin-opt=-pass-through=-lc -plugin-opt=-pass-through=-lgcc_s -plugin-opt=-pass-through=-lgcc --sysroot=/ --build-id --eh-frame-hdr -m elf_x86_64 --hash-style=gnu --as-needed -export-dynamic -dynamic-linker /lib64/ld-linux-x86-64.so.2 -z relro -o cmTC_ebac6 /usr/lib/gcc/x86_64-linux-gnu/5/../../../x86_64-linux-gnu/crt1.o /usr/lib/gcc/x86_64-linux-gnu/5/../../../x86_64-linux-gnu/crti.o /usr/lib/gcc/x86_64-linux-gnu/5/crtbegin.o -L/usr/lib/gcc/x86_64-linux-gnu/5 -L/usr/lib/gcc/x86_64-linux-gnu/5/../../../x86_64-linux-gnu -L/usr/lib/gcc/x86_64-linux-gnu/5/../../../../lib -L/lib/x86_64-linux-gnu -L/lib/../lib -L/usr/lib/x86_64-linux-gnu -L/usr/lib/../lib -L/usr/lib/gcc/x86_64-linux-gnu/5/../../.. CMakeFiles/cmTC_ebac6.dir/CMakeCXXCompilerABI.cpp.o -lstdc++ -lm -lgcc_s -lgcc -lc -lgcc_s -lgcc /usr/lib/gcc/x86_64-linux-gnu/5/crtend.o /usr/lib/gcc/x86_64-linux-gnu/5/../../../x86_64-linux-gnu/crtn.o
make[1]: Leaving directory '/home/lian/catkin_ROS/build/CMakeFiles/CMakeTmp'
=======
<<<<<<< HEAD
COLLECT_GCC_OPTIONS='-v' '-o' 'cmTC_2a503' '-rdynamic' '-shared-libgcc' '-mtune=generic' '-march=x86-64'
 /usr/lib/gcc/x86_64-linux-gnu/5/collect2 -plugin /usr/lib/gcc/x86_64-linux-gnu/5/liblto_plugin.so -plugin-opt=/usr/lib/gcc/x86_64-linux-gnu/5/lto-wrapper -plugin-opt=-fresolution=/tmp/ccA0Clzj.res -plugin-opt=-pass-through=-lgcc_s -plugin-opt=-pass-through=-lgcc -plugin-opt=-pass-through=-lc -plugin-opt=-pass-through=-lgcc_s -plugin-opt=-pass-through=-lgcc --sysroot=/ --build-id --eh-frame-hdr -m elf_x86_64 --hash-style=gnu --as-needed -export-dynamic -dynamic-linker /lib64/ld-linux-x86-64.so.2 -z relro -o cmTC_2a503 /usr/lib/gcc/x86_64-linux-gnu/5/../../../x86_64-linux-gnu/crt1.o /usr/lib/gcc/x86_64-linux-gnu/5/../../../x86_64-linux-gnu/crti.o /usr/lib/gcc/x86_64-linux-gnu/5/crtbegin.o -L/usr/lib/gcc/x86_64-linux-gnu/5 -L/usr/lib/gcc/x86_64-linux-gnu/5/../../../x86_64-linux-gnu -L/usr/lib/gcc/x86_64-linux-gnu/5/../../../../lib -L/lib/x86_64-linux-gnu -L/lib/../lib -L/usr/lib/x86_64-linux-gnu -L/usr/lib/../lib -L/usr/lib/gcc/x86_64-linux-gnu/5/../../.. CMakeFiles/cmTC_2a503.dir/CMakeCXXCompilerABI.cpp.o -lstdc++ -lm -lgcc_s -lgcc -lc -lgcc_s -lgcc /usr/lib/gcc/x86_64-linux-gnu/5/crtend.o /usr/lib/gcc/x86_64-linux-gnu/5/../../../x86_64-linux-gnu/crtn.o
make[1]: Leaving directory '/home/lian/ros_ws/build/CMakeFiles/CMakeTmp'
=======
<<<<<<< HEAD
COLLECT_GCC_OPTIONS='-v' '-o' 'cmTC_58ba2' '-rdynamic' '-shared-libgcc' '-mtune=generic' '-march=x86-64'
 /usr/lib/gcc/x86_64-linux-gnu/5/collect2 -plugin /usr/lib/gcc/x86_64-linux-gnu/5/liblto_plugin.so -plugin-opt=/usr/lib/gcc/x86_64-linux-gnu/5/lto-wrapper -plugin-opt=-fresolution=/tmp/ccunrhms.res -plugin-opt=-pass-through=-lgcc_s -plugin-opt=-pass-through=-lgcc -plugin-opt=-pass-through=-lc -plugin-opt=-pass-through=-lgcc_s -plugin-opt=-pass-through=-lgcc --sysroot=/ --build-id --eh-frame-hdr -m elf_x86_64 --hash-style=gnu --as-needed -export-dynamic -dynamic-linker /lib64/ld-linux-x86-64.so.2 -z relro -o cmTC_58ba2 /usr/lib/gcc/x86_64-linux-gnu/5/../../../x86_64-linux-gnu/crt1.o /usr/lib/gcc/x86_64-linux-gnu/5/../../../x86_64-linux-gnu/crti.o /usr/lib/gcc/x86_64-linux-gnu/5/crtbegin.o -L/usr/lib/gcc/x86_64-linux-gnu/5 -L/usr/lib/gcc/x86_64-linux-gnu/5/../../../x86_64-linux-gnu -L/usr/lib/gcc/x86_64-linux-gnu/5/../../../../lib -L/lib/x86_64-linux-gnu -L/lib/../lib -L/usr/lib/x86_64-linux-gnu -L/usr/lib/../lib -L/usr/lib/gcc/x86_64-linux-gnu/5/../../.. CMakeFiles/cmTC_58ba2.dir/CMakeCXXCompilerABI.cpp.o -lstdc++ -lm -lgcc_s -lgcc -lc -lgcc_s -lgcc /usr/lib/gcc/x86_64-linux-gnu/5/crtend.o /usr/lib/gcc/x86_64-linux-gnu/5/../../../x86_64-linux-gnu/crtn.o
make[1]: Leaving directory '/home/lian/ros_ws/build/CMakeFiles/CMakeTmp'
=======
COLLECT_GCC_OPTIONS='-v' '-o' 'cmTC_557be' '-rdynamic' '-shared-libgcc' '-mtune=generic' '-march=x86-64'
 /usr/lib/gcc/x86_64-linux-gnu/5/collect2 -plugin /usr/lib/gcc/x86_64-linux-gnu/5/liblto_plugin.so -plugin-opt=/usr/lib/gcc/x86_64-linux-gnu/5/lto-wrapper -plugin-opt=-fresolution=/tmp/ccF9vfHn.res -plugin-opt=-pass-through=-lgcc_s -plugin-opt=-pass-through=-lgcc -plugin-opt=-pass-through=-lc -plugin-opt=-pass-through=-lgcc_s -plugin-opt=-pass-through=-lgcc --sysroot=/ --build-id --eh-frame-hdr -m elf_x86_64 --hash-style=gnu --as-needed -export-dynamic -dynamic-linker /lib64/ld-linux-x86-64.so.2 -z relro -o cmTC_557be /usr/lib/gcc/x86_64-linux-gnu/5/../../../x86_64-linux-gnu/crt1.o /usr/lib/gcc/x86_64-linux-gnu/5/../../../x86_64-linux-gnu/crti.o /usr/lib/gcc/x86_64-linux-gnu/5/crtbegin.o -L/usr/lib/gcc/x86_64-linux-gnu/5 -L/usr/lib/gcc/x86_64-linux-gnu/5/../../../x86_64-linux-gnu -L/usr/lib/gcc/x86_64-linux-gnu/5/../../../../lib -L/lib/x86_64-linux-gnu -L/lib/../lib -L/usr/lib/x86_64-linux-gnu -L/usr/lib/../lib -L/usr/lib/gcc/x86_64-linux-gnu/5/../../.. CMakeFiles/cmTC_557be.dir/CMakeCXXCompilerABI.cpp.o -lstdc++ -lm -lgcc_s -lgcc -lc -lgcc_s -lgcc /usr/lib/gcc/x86_64-linux-gnu/5/crtend.o /usr/lib/gcc/x86_64-linux-gnu/5/../../../x86_64-linux-gnu/crtn.o
make[1]: Leaving directory '/home/a/catkin_ws/build/CMakeFiles/CMakeTmp'
>>>>>>> c7b4822037f679cb6c1df5267602ab97035f5d7e
>>>>>>> e7b3a2760bb50d4aa9780186e6f4b9c470248e2c
>>>>>>> 7fd3f594ab455853003ae66a508bfa5d1eaccf3c


Parsed CXX implicit link information from above output:
  link line regex: [^( *|.*[/\])(ld|([^/\]+-)?ld|collect2)[^/\]*( |$)]
<<<<<<< HEAD
  ignore line: [Change Dir: /home/lian/catkin_ROS/build/CMakeFiles/CMakeTmp]
  ignore line: []
  ignore line: [Run Build Command:"/usr/bin/make" "cmTC_ebac6/fast"]
  ignore line: [/usr/bin/make -f CMakeFiles/cmTC_ebac6.dir/build.make CMakeFiles/cmTC_ebac6.dir/build]
  ignore line: [make[1]: Entering directory '/home/lian/catkin_ROS/build/CMakeFiles/CMakeTmp']
  ignore line: [Building CXX object CMakeFiles/cmTC_ebac6.dir/CMakeCXXCompilerABI.cpp.o]
  ignore line: [/usr/bin/c++      -o CMakeFiles/cmTC_ebac6.dir/CMakeCXXCompilerABI.cpp.o -c /usr/share/cmake-3.5/Modules/CMakeCXXCompilerABI.cpp]
  ignore line: [Linking CXX executable cmTC_ebac6]
  ignore line: [/usr/bin/cmake -E cmake_link_script CMakeFiles/cmTC_ebac6.dir/link.txt --verbose=1]
  ignore line: [/usr/bin/c++       -v CMakeFiles/cmTC_ebac6.dir/CMakeCXXCompilerABI.cpp.o  -o cmTC_ebac6 -rdynamic  ]
=======
<<<<<<< HEAD
  ignore line: [Change Dir: /home/lian/ros_ws/build/CMakeFiles/CMakeTmp]
  ignore line: []
  ignore line: [Run Build Command:"/usr/bin/make" "cmTC_2a503/fast"]
  ignore line: [/usr/bin/make -f CMakeFiles/cmTC_2a503.dir/build.make CMakeFiles/cmTC_2a503.dir/build]
  ignore line: [make[1]: Entering directory '/home/lian/ros_ws/build/CMakeFiles/CMakeTmp']
  ignore line: [Building CXX object CMakeFiles/cmTC_2a503.dir/CMakeCXXCompilerABI.cpp.o]
  ignore line: [/usr/bin/c++      -o CMakeFiles/cmTC_2a503.dir/CMakeCXXCompilerABI.cpp.o -c /usr/share/cmake-3.5/Modules/CMakeCXXCompilerABI.cpp]
  ignore line: [Linking CXX executable cmTC_2a503]
  ignore line: [/usr/bin/cmake -E cmake_link_script CMakeFiles/cmTC_2a503.dir/link.txt --verbose=1]
  ignore line: [/usr/bin/c++       -v CMakeFiles/cmTC_2a503.dir/CMakeCXXCompilerABI.cpp.o  -o cmTC_2a503 -rdynamic  ]
=======
<<<<<<< HEAD
  ignore line: [Change Dir: /home/lian/ros_ws/build/CMakeFiles/CMakeTmp]
  ignore line: []
  ignore line: [Run Build Command:"/usr/bin/make" "cmTC_58ba2/fast"]
  ignore line: [/usr/bin/make -f CMakeFiles/cmTC_58ba2.dir/build.make CMakeFiles/cmTC_58ba2.dir/build]
  ignore line: [make[1]: Entering directory '/home/lian/ros_ws/build/CMakeFiles/CMakeTmp']
  ignore line: [Building CXX object CMakeFiles/cmTC_58ba2.dir/CMakeCXXCompilerABI.cpp.o]
  ignore line: [/usr/bin/c++      -o CMakeFiles/cmTC_58ba2.dir/CMakeCXXCompilerABI.cpp.o -c /usr/share/cmake-3.5/Modules/CMakeCXXCompilerABI.cpp]
  ignore line: [Linking CXX executable cmTC_58ba2]
  ignore line: [/usr/bin/cmake -E cmake_link_script CMakeFiles/cmTC_58ba2.dir/link.txt --verbose=1]
  ignore line: [/usr/bin/c++       -v CMakeFiles/cmTC_58ba2.dir/CMakeCXXCompilerABI.cpp.o  -o cmTC_58ba2 -rdynamic  ]
=======
  ignore line: [Change Dir: /home/a/catkin_ws/build/CMakeFiles/CMakeTmp]
  ignore line: []
  ignore line: [Run Build Command:"/usr/bin/make" "cmTC_557be/fast"]
  ignore line: [/usr/bin/make -f CMakeFiles/cmTC_557be.dir/build.make CMakeFiles/cmTC_557be.dir/build]
  ignore line: [make[1]: Entering directory '/home/a/catkin_ws/build/CMakeFiles/CMakeTmp']
  ignore line: [Building CXX object CMakeFiles/cmTC_557be.dir/CMakeCXXCompilerABI.cpp.o]
  ignore line: [/usr/bin/c++      -o CMakeFiles/cmTC_557be.dir/CMakeCXXCompilerABI.cpp.o -c /usr/share/cmake-3.5/Modules/CMakeCXXCompilerABI.cpp]
  ignore line: [Linking CXX executable cmTC_557be]
  ignore line: [/usr/bin/cmake -E cmake_link_script CMakeFiles/cmTC_557be.dir/link.txt --verbose=1]
  ignore line: [/usr/bin/c++       -v CMakeFiles/cmTC_557be.dir/CMakeCXXCompilerABI.cpp.o  -o cmTC_557be -rdynamic  ]
>>>>>>> c7b4822037f679cb6c1df5267602ab97035f5d7e
>>>>>>> e7b3a2760bb50d4aa9780186e6f4b9c470248e2c
>>>>>>> 7fd3f594ab455853003ae66a508bfa5d1eaccf3c
  ignore line: [Using built-in specs.]
  ignore line: [COLLECT_GCC=/usr/bin/c++]
  ignore line: [COLLECT_LTO_WRAPPER=/usr/lib/gcc/x86_64-linux-gnu/5/lto-wrapper]
  ignore line: [Target: x86_64-linux-gnu]
  ignore line: [Configured with: ../src/configure -v --with-pkgversion='Ubuntu 5.4.0-6ubuntu1~16.04.12' --with-bugurl=file:///usr/share/doc/gcc-5/README.Bugs --enable-languages=c,ada,c++,java,go,d,fortran,objc,obj-c++ --prefix=/usr --program-suffix=-5 --enable-shared --enable-linker-build-id --libexecdir=/usr/lib --without-included-gettext --enable-threads=posix --libdir=/usr/lib --enable-nls --with-sysroot=/ --enable-clocale=gnu --enable-libstdcxx-debug --enable-libstdcxx-time=yes --with-default-libstdcxx-abi=new --enable-gnu-unique-object --disable-vtable-verify --enable-libmpx --enable-plugin --with-system-zlib --disable-browser-plugin --enable-java-awt=gtk --enable-gtk-cairo --with-java-home=/usr/lib/jvm/java-1.5.0-gcj-5-amd64/jre --enable-java-home --with-jvm-root-dir=/usr/lib/jvm/java-1.5.0-gcj-5-amd64 --with-jvm-jar-dir=/usr/lib/jvm-exports/java-1.5.0-gcj-5-amd64 --with-arch-directory=amd64 --with-ecj-jar=/usr/share/java/eclipse-ecj.jar --enable-objc-gc --enable-multiarch --disable-werror --with-arch-32=i686 --with-abi=m64 --with-multilib-list=m32,m64,mx32 --enable-multilib --with-tune=generic --enable-checking=release --build=x86_64-linux-gnu --host=x86_64-linux-gnu --target=x86_64-linux-gnu]
  ignore line: [Thread model: posix]
  ignore line: [gcc version 5.4.0 20160609 (Ubuntu 5.4.0-6ubuntu1~16.04.12) ]
  ignore line: [COMPILER_PATH=/usr/lib/gcc/x86_64-linux-gnu/5/:/usr/lib/gcc/x86_64-linux-gnu/5/:/usr/lib/gcc/x86_64-linux-gnu/:/usr/lib/gcc/x86_64-linux-gnu/5/:/usr/lib/gcc/x86_64-linux-gnu/]
  ignore line: [LIBRARY_PATH=/usr/lib/gcc/x86_64-linux-gnu/5/:/usr/lib/gcc/x86_64-linux-gnu/5/../../../x86_64-linux-gnu/:/usr/lib/gcc/x86_64-linux-gnu/5/../../../../lib/:/lib/x86_64-linux-gnu/:/lib/../lib/:/usr/lib/x86_64-linux-gnu/:/usr/lib/../lib/:/usr/lib/gcc/x86_64-linux-gnu/5/../../../:/lib/:/usr/lib/]
<<<<<<< HEAD
  ignore line: [COLLECT_GCC_OPTIONS='-v' '-o' 'cmTC_ebac6' '-rdynamic' '-shared-libgcc' '-mtune=generic' '-march=x86-64']
  link line: [ /usr/lib/gcc/x86_64-linux-gnu/5/collect2 -plugin /usr/lib/gcc/x86_64-linux-gnu/5/liblto_plugin.so -plugin-opt=/usr/lib/gcc/x86_64-linux-gnu/5/lto-wrapper -plugin-opt=-fresolution=/tmp/ccyFaT57.res -plugin-opt=-pass-through=-lgcc_s -plugin-opt=-pass-through=-lgcc -plugin-opt=-pass-through=-lc -plugin-opt=-pass-through=-lgcc_s -plugin-opt=-pass-through=-lgcc --sysroot=/ --build-id --eh-frame-hdr -m elf_x86_64 --hash-style=gnu --as-needed -export-dynamic -dynamic-linker /lib64/ld-linux-x86-64.so.2 -z relro -o cmTC_ebac6 /usr/lib/gcc/x86_64-linux-gnu/5/../../../x86_64-linux-gnu/crt1.o /usr/lib/gcc/x86_64-linux-gnu/5/../../../x86_64-linux-gnu/crti.o /usr/lib/gcc/x86_64-linux-gnu/5/crtbegin.o -L/usr/lib/gcc/x86_64-linux-gnu/5 -L/usr/lib/gcc/x86_64-linux-gnu/5/../../../x86_64-linux-gnu -L/usr/lib/gcc/x86_64-linux-gnu/5/../../../../lib -L/lib/x86_64-linux-gnu -L/lib/../lib -L/usr/lib/x86_64-linux-gnu -L/usr/lib/../lib -L/usr/lib/gcc/x86_64-linux-gnu/5/../../.. CMakeFiles/cmTC_ebac6.dir/CMakeCXXCompilerABI.cpp.o -lstdc++ -lm -lgcc_s -lgcc -lc -lgcc_s -lgcc /usr/lib/gcc/x86_64-linux-gnu/5/crtend.o /usr/lib/gcc/x86_64-linux-gnu/5/../../../x86_64-linux-gnu/crtn.o]
=======
<<<<<<< HEAD
  ignore line: [COLLECT_GCC_OPTIONS='-v' '-o' 'cmTC_2a503' '-rdynamic' '-shared-libgcc' '-mtune=generic' '-march=x86-64']
  link line: [ /usr/lib/gcc/x86_64-linux-gnu/5/collect2 -plugin /usr/lib/gcc/x86_64-linux-gnu/5/liblto_plugin.so -plugin-opt=/usr/lib/gcc/x86_64-linux-gnu/5/lto-wrapper -plugin-opt=-fresolution=/tmp/ccA0Clzj.res -plugin-opt=-pass-through=-lgcc_s -plugin-opt=-pass-through=-lgcc -plugin-opt=-pass-through=-lc -plugin-opt=-pass-through=-lgcc_s -plugin-opt=-pass-through=-lgcc --sysroot=/ --build-id --eh-frame-hdr -m elf_x86_64 --hash-style=gnu --as-needed -export-dynamic -dynamic-linker /lib64/ld-linux-x86-64.so.2 -z relro -o cmTC_2a503 /usr/lib/gcc/x86_64-linux-gnu/5/../../../x86_64-linux-gnu/crt1.o /usr/lib/gcc/x86_64-linux-gnu/5/../../../x86_64-linux-gnu/crti.o /usr/lib/gcc/x86_64-linux-gnu/5/crtbegin.o -L/usr/lib/gcc/x86_64-linux-gnu/5 -L/usr/lib/gcc/x86_64-linux-gnu/5/../../../x86_64-linux-gnu -L/usr/lib/gcc/x86_64-linux-gnu/5/../../../../lib -L/lib/x86_64-linux-gnu -L/lib/../lib -L/usr/lib/x86_64-linux-gnu -L/usr/lib/../lib -L/usr/lib/gcc/x86_64-linux-gnu/5/../../.. CMakeFiles/cmTC_2a503.dir/CMakeCXXCompilerABI.cpp.o -lstdc++ -lm -lgcc_s -lgcc -lc -lgcc_s -lgcc /usr/lib/gcc/x86_64-linux-gnu/5/crtend.o /usr/lib/gcc/x86_64-linux-gnu/5/../../../x86_64-linux-gnu/crtn.o]
=======
<<<<<<< HEAD
  ignore line: [COLLECT_GCC_OPTIONS='-v' '-o' 'cmTC_58ba2' '-rdynamic' '-shared-libgcc' '-mtune=generic' '-march=x86-64']
  link line: [ /usr/lib/gcc/x86_64-linux-gnu/5/collect2 -plugin /usr/lib/gcc/x86_64-linux-gnu/5/liblto_plugin.so -plugin-opt=/usr/lib/gcc/x86_64-linux-gnu/5/lto-wrapper -plugin-opt=-fresolution=/tmp/ccunrhms.res -plugin-opt=-pass-through=-lgcc_s -plugin-opt=-pass-through=-lgcc -plugin-opt=-pass-through=-lc -plugin-opt=-pass-through=-lgcc_s -plugin-opt=-pass-through=-lgcc --sysroot=/ --build-id --eh-frame-hdr -m elf_x86_64 --hash-style=gnu --as-needed -export-dynamic -dynamic-linker /lib64/ld-linux-x86-64.so.2 -z relro -o cmTC_58ba2 /usr/lib/gcc/x86_64-linux-gnu/5/../../../x86_64-linux-gnu/crt1.o /usr/lib/gcc/x86_64-linux-gnu/5/../../../x86_64-linux-gnu/crti.o /usr/lib/gcc/x86_64-linux-gnu/5/crtbegin.o -L/usr/lib/gcc/x86_64-linux-gnu/5 -L/usr/lib/gcc/x86_64-linux-gnu/5/../../../x86_64-linux-gnu -L/usr/lib/gcc/x86_64-linux-gnu/5/../../../../lib -L/lib/x86_64-linux-gnu -L/lib/../lib -L/usr/lib/x86_64-linux-gnu -L/usr/lib/../lib -L/usr/lib/gcc/x86_64-linux-gnu/5/../../.. CMakeFiles/cmTC_58ba2.dir/CMakeCXXCompilerABI.cpp.o -lstdc++ -lm -lgcc_s -lgcc -lc -lgcc_s -lgcc /usr/lib/gcc/x86_64-linux-gnu/5/crtend.o /usr/lib/gcc/x86_64-linux-gnu/5/../../../x86_64-linux-gnu/crtn.o]
=======
  ignore line: [COLLECT_GCC_OPTIONS='-v' '-o' 'cmTC_557be' '-rdynamic' '-shared-libgcc' '-mtune=generic' '-march=x86-64']
  link line: [ /usr/lib/gcc/x86_64-linux-gnu/5/collect2 -plugin /usr/lib/gcc/x86_64-linux-gnu/5/liblto_plugin.so -plugin-opt=/usr/lib/gcc/x86_64-linux-gnu/5/lto-wrapper -plugin-opt=-fresolution=/tmp/ccF9vfHn.res -plugin-opt=-pass-through=-lgcc_s -plugin-opt=-pass-through=-lgcc -plugin-opt=-pass-through=-lc -plugin-opt=-pass-through=-lgcc_s -plugin-opt=-pass-through=-lgcc --sysroot=/ --build-id --eh-frame-hdr -m elf_x86_64 --hash-style=gnu --as-needed -export-dynamic -dynamic-linker /lib64/ld-linux-x86-64.so.2 -z relro -o cmTC_557be /usr/lib/gcc/x86_64-linux-gnu/5/../../../x86_64-linux-gnu/crt1.o /usr/lib/gcc/x86_64-linux-gnu/5/../../../x86_64-linux-gnu/crti.o /usr/lib/gcc/x86_64-linux-gnu/5/crtbegin.o -L/usr/lib/gcc/x86_64-linux-gnu/5 -L/usr/lib/gcc/x86_64-linux-gnu/5/../../../x86_64-linux-gnu -L/usr/lib/gcc/x86_64-linux-gnu/5/../../../../lib -L/lib/x86_64-linux-gnu -L/lib/../lib -L/usr/lib/x86_64-linux-gnu -L/usr/lib/../lib -L/usr/lib/gcc/x86_64-linux-gnu/5/../../.. CMakeFiles/cmTC_557be.dir/CMakeCXXCompilerABI.cpp.o -lstdc++ -lm -lgcc_s -lgcc -lc -lgcc_s -lgcc /usr/lib/gcc/x86_64-linux-gnu/5/crtend.o /usr/lib/gcc/x86_64-linux-gnu/5/../../../x86_64-linux-gnu/crtn.o]
>>>>>>> c7b4822037f679cb6c1df5267602ab97035f5d7e
>>>>>>> e7b3a2760bb50d4aa9780186e6f4b9c470248e2c
>>>>>>> 7fd3f594ab455853003ae66a508bfa5d1eaccf3c
    arg [/usr/lib/gcc/x86_64-linux-gnu/5/collect2] ==> ignore
    arg [-plugin] ==> ignore
    arg [/usr/lib/gcc/x86_64-linux-gnu/5/liblto_plugin.so] ==> ignore
    arg [-plugin-opt=/usr/lib/gcc/x86_64-linux-gnu/5/lto-wrapper] ==> ignore
<<<<<<< HEAD
    arg [-plugin-opt=-fresolution=/tmp/ccyFaT57.res] ==> ignore
=======
<<<<<<< HEAD
    arg [-plugin-opt=-fresolution=/tmp/ccA0Clzj.res] ==> ignore
=======
<<<<<<< HEAD
    arg [-plugin-opt=-fresolution=/tmp/ccunrhms.res] ==> ignore
=======
    arg [-plugin-opt=-fresolution=/tmp/ccF9vfHn.res] ==> ignore
>>>>>>> c7b4822037f679cb6c1df5267602ab97035f5d7e
>>>>>>> e7b3a2760bb50d4aa9780186e6f4b9c470248e2c
>>>>>>> 7fd3f594ab455853003ae66a508bfa5d1eaccf3c
    arg [-plugin-opt=-pass-through=-lgcc_s] ==> ignore
    arg [-plugin-opt=-pass-through=-lgcc] ==> ignore
    arg [-plugin-opt=-pass-through=-lc] ==> ignore
    arg [-plugin-opt=-pass-through=-lgcc_s] ==> ignore
    arg [-plugin-opt=-pass-through=-lgcc] ==> ignore
    arg [--sysroot=/] ==> ignore
    arg [--build-id] ==> ignore
    arg [--eh-frame-hdr] ==> ignore
    arg [-m] ==> ignore
    arg [elf_x86_64] ==> ignore
    arg [--hash-style=gnu] ==> ignore
    arg [--as-needed] ==> ignore
    arg [-export-dynamic] ==> ignore
    arg [-dynamic-linker] ==> ignore
    arg [/lib64/ld-linux-x86-64.so.2] ==> ignore
    arg [-zrelro] ==> ignore
    arg [-o] ==> ignore
<<<<<<< HEAD
    arg [cmTC_ebac6] ==> ignore
=======
<<<<<<< HEAD
    arg [cmTC_2a503] ==> ignore
=======
<<<<<<< HEAD
    arg [cmTC_58ba2] ==> ignore
=======
    arg [cmTC_557be] ==> ignore
>>>>>>> c7b4822037f679cb6c1df5267602ab97035f5d7e
>>>>>>> e7b3a2760bb50d4aa9780186e6f4b9c470248e2c
>>>>>>> 7fd3f594ab455853003ae66a508bfa5d1eaccf3c
    arg [/usr/lib/gcc/x86_64-linux-gnu/5/../../../x86_64-linux-gnu/crt1.o] ==> ignore
    arg [/usr/lib/gcc/x86_64-linux-gnu/5/../../../x86_64-linux-gnu/crti.o] ==> ignore
    arg [/usr/lib/gcc/x86_64-linux-gnu/5/crtbegin.o] ==> ignore
    arg [-L/usr/lib/gcc/x86_64-linux-gnu/5] ==> dir [/usr/lib/gcc/x86_64-linux-gnu/5]
    arg [-L/usr/lib/gcc/x86_64-linux-gnu/5/../../../x86_64-linux-gnu] ==> dir [/usr/lib/gcc/x86_64-linux-gnu/5/../../../x86_64-linux-gnu]
    arg [-L/usr/lib/gcc/x86_64-linux-gnu/5/../../../../lib] ==> dir [/usr/lib/gcc/x86_64-linux-gnu/5/../../../../lib]
    arg [-L/lib/x86_64-linux-gnu] ==> dir [/lib/x86_64-linux-gnu]
    arg [-L/lib/../lib] ==> dir [/lib/../lib]
    arg [-L/usr/lib/x86_64-linux-gnu] ==> dir [/usr/lib/x86_64-linux-gnu]
    arg [-L/usr/lib/../lib] ==> dir [/usr/lib/../lib]
    arg [-L/usr/lib/gcc/x86_64-linux-gnu/5/../../..] ==> dir [/usr/lib/gcc/x86_64-linux-gnu/5/../../..]
<<<<<<< HEAD
    arg [CMakeFiles/cmTC_ebac6.dir/CMakeCXXCompilerABI.cpp.o] ==> ignore
=======
<<<<<<< HEAD
    arg [CMakeFiles/cmTC_2a503.dir/CMakeCXXCompilerABI.cpp.o] ==> ignore
=======
<<<<<<< HEAD
    arg [CMakeFiles/cmTC_58ba2.dir/CMakeCXXCompilerABI.cpp.o] ==> ignore
=======
    arg [CMakeFiles/cmTC_557be.dir/CMakeCXXCompilerABI.cpp.o] ==> ignore
>>>>>>> c7b4822037f679cb6c1df5267602ab97035f5d7e
>>>>>>> e7b3a2760bb50d4aa9780186e6f4b9c470248e2c
>>>>>>> 7fd3f594ab455853003ae66a508bfa5d1eaccf3c
    arg [-lstdc++] ==> lib [stdc++]
    arg [-lm] ==> lib [m]
    arg [-lgcc_s] ==> lib [gcc_s]
    arg [-lgcc] ==> lib [gcc]
    arg [-lc] ==> lib [c]
    arg [-lgcc_s] ==> lib [gcc_s]
    arg [-lgcc] ==> lib [gcc]
    arg [/usr/lib/gcc/x86_64-linux-gnu/5/crtend.o] ==> ignore
    arg [/usr/lib/gcc/x86_64-linux-gnu/5/../../../x86_64-linux-gnu/crtn.o] ==> ignore
  remove lib [gcc_s]
  remove lib [gcc]
  remove lib [gcc_s]
  remove lib [gcc]
  collapse library dir [/usr/lib/gcc/x86_64-linux-gnu/5] ==> [/usr/lib/gcc/x86_64-linux-gnu/5]
  collapse library dir [/usr/lib/gcc/x86_64-linux-gnu/5/../../../x86_64-linux-gnu] ==> [/usr/lib/x86_64-linux-gnu]
  collapse library dir [/usr/lib/gcc/x86_64-linux-gnu/5/../../../../lib] ==> [/usr/lib]
  collapse library dir [/lib/x86_64-linux-gnu] ==> [/lib/x86_64-linux-gnu]
  collapse library dir [/lib/../lib] ==> [/lib]
  collapse library dir [/usr/lib/x86_64-linux-gnu] ==> [/usr/lib/x86_64-linux-gnu]
  collapse library dir [/usr/lib/../lib] ==> [/usr/lib]
  collapse library dir [/usr/lib/gcc/x86_64-linux-gnu/5/../../..] ==> [/usr/lib]
  implicit libs: [stdc++;m;c]
  implicit dirs: [/usr/lib/gcc/x86_64-linux-gnu/5;/usr/lib/x86_64-linux-gnu;/usr/lib;/lib/x86_64-linux-gnu;/lib]
  implicit fwks: []




Detecting CXX [-std=c++14] compiler features compiled with the following output:
<<<<<<< HEAD
Change Dir: /home/lian/catkin_ROS/build/CMakeFiles/CMakeTmp

Run Build Command:"/usr/bin/make" "cmTC_df635/fast"
/usr/bin/make -f CMakeFiles/cmTC_df635.dir/build.make CMakeFiles/cmTC_df635.dir/build
make[1]: Entering directory '/home/lian/catkin_ROS/build/CMakeFiles/CMakeTmp'
Building CXX object CMakeFiles/cmTC_df635.dir/feature_tests.cxx.o
/usr/bin/c++     -std=c++14 -o CMakeFiles/cmTC_df635.dir/feature_tests.cxx.o -c /home/lian/catkin_ROS/build/CMakeFiles/feature_tests.cxx
Linking CXX executable cmTC_df635
/usr/bin/cmake -E cmake_link_script CMakeFiles/cmTC_df635.dir/link.txt --verbose=1
/usr/bin/c++        CMakeFiles/cmTC_df635.dir/feature_tests.cxx.o  -o cmTC_df635 -rdynamic 
make[1]: Leaving directory '/home/lian/catkin_ROS/build/CMakeFiles/CMakeTmp'
=======
<<<<<<< HEAD
Change Dir: /home/lian/ros_ws/build/CMakeFiles/CMakeTmp

Run Build Command:"/usr/bin/make" "cmTC_172a9/fast"
/usr/bin/make -f CMakeFiles/cmTC_172a9.dir/build.make CMakeFiles/cmTC_172a9.dir/build
make[1]: Entering directory '/home/lian/ros_ws/build/CMakeFiles/CMakeTmp'
Building CXX object CMakeFiles/cmTC_172a9.dir/feature_tests.cxx.o
/usr/bin/c++     -std=c++14 -o CMakeFiles/cmTC_172a9.dir/feature_tests.cxx.o -c /home/lian/ros_ws/build/CMakeFiles/feature_tests.cxx
Linking CXX executable cmTC_172a9
/usr/bin/cmake -E cmake_link_script CMakeFiles/cmTC_172a9.dir/link.txt --verbose=1
/usr/bin/c++        CMakeFiles/cmTC_172a9.dir/feature_tests.cxx.o  -o cmTC_172a9 -rdynamic 
make[1]: Leaving directory '/home/lian/ros_ws/build/CMakeFiles/CMakeTmp'
=======
<<<<<<< HEAD
Change Dir: /home/lian/ros_ws/build/CMakeFiles/CMakeTmp

Run Build Command:"/usr/bin/make" "cmTC_84842/fast"
/usr/bin/make -f CMakeFiles/cmTC_84842.dir/build.make CMakeFiles/cmTC_84842.dir/build
make[1]: Entering directory '/home/lian/ros_ws/build/CMakeFiles/CMakeTmp'
Building CXX object CMakeFiles/cmTC_84842.dir/feature_tests.cxx.o
/usr/bin/c++     -std=c++14 -o CMakeFiles/cmTC_84842.dir/feature_tests.cxx.o -c /home/lian/ros_ws/build/CMakeFiles/feature_tests.cxx
Linking CXX executable cmTC_84842
/usr/bin/cmake -E cmake_link_script CMakeFiles/cmTC_84842.dir/link.txt --verbose=1
/usr/bin/c++        CMakeFiles/cmTC_84842.dir/feature_tests.cxx.o  -o cmTC_84842 -rdynamic 
make[1]: Leaving directory '/home/lian/ros_ws/build/CMakeFiles/CMakeTmp'
=======
Change Dir: /home/a/catkin_ws/build/CMakeFiles/CMakeTmp

Run Build Command:"/usr/bin/make" "cmTC_7992a/fast"
/usr/bin/make -f CMakeFiles/cmTC_7992a.dir/build.make CMakeFiles/cmTC_7992a.dir/build
make[1]: Entering directory '/home/a/catkin_ws/build/CMakeFiles/CMakeTmp'
Building CXX object CMakeFiles/cmTC_7992a.dir/feature_tests.cxx.o
/usr/bin/c++     -std=c++14 -o CMakeFiles/cmTC_7992a.dir/feature_tests.cxx.o -c /home/a/catkin_ws/build/CMakeFiles/feature_tests.cxx
Linking CXX executable cmTC_7992a
/usr/bin/cmake -E cmake_link_script CMakeFiles/cmTC_7992a.dir/link.txt --verbose=1
/usr/bin/c++        CMakeFiles/cmTC_7992a.dir/feature_tests.cxx.o  -o cmTC_7992a -rdynamic 
make[1]: Leaving directory '/home/a/catkin_ws/build/CMakeFiles/CMakeTmp'
>>>>>>> c7b4822037f679cb6c1df5267602ab97035f5d7e
>>>>>>> e7b3a2760bb50d4aa9780186e6f4b9c470248e2c
>>>>>>> 7fd3f594ab455853003ae66a508bfa5d1eaccf3c


    Feature record: CXX_FEATURE:1cxx_aggregate_default_initializers
    Feature record: CXX_FEATURE:1cxx_alias_templates
    Feature record: CXX_FEATURE:1cxx_alignas
    Feature record: CXX_FEATURE:1cxx_alignof
    Feature record: CXX_FEATURE:1cxx_attributes
    Feature record: CXX_FEATURE:1cxx_attribute_deprecated
    Feature record: CXX_FEATURE:1cxx_auto_type
    Feature record: CXX_FEATURE:1cxx_binary_literals
    Feature record: CXX_FEATURE:1cxx_constexpr
    Feature record: CXX_FEATURE:1cxx_contextual_conversions
    Feature record: CXX_FEATURE:1cxx_decltype
    Feature record: CXX_FEATURE:1cxx_decltype_auto
    Feature record: CXX_FEATURE:1cxx_decltype_incomplete_return_types
    Feature record: CXX_FEATURE:1cxx_default_function_template_args
    Feature record: CXX_FEATURE:1cxx_defaulted_functions
    Feature record: CXX_FEATURE:1cxx_defaulted_move_initializers
    Feature record: CXX_FEATURE:1cxx_delegating_constructors
    Feature record: CXX_FEATURE:1cxx_deleted_functions
    Feature record: CXX_FEATURE:1cxx_digit_separators
    Feature record: CXX_FEATURE:1cxx_enum_forward_declarations
    Feature record: CXX_FEATURE:1cxx_explicit_conversions
    Feature record: CXX_FEATURE:1cxx_extended_friend_declarations
    Feature record: CXX_FEATURE:1cxx_extern_templates
    Feature record: CXX_FEATURE:1cxx_final
    Feature record: CXX_FEATURE:1cxx_func_identifier
    Feature record: CXX_FEATURE:1cxx_generalized_initializers
    Feature record: CXX_FEATURE:1cxx_generic_lambdas
    Feature record: CXX_FEATURE:1cxx_inheriting_constructors
    Feature record: CXX_FEATURE:1cxx_inline_namespaces
    Feature record: CXX_FEATURE:1cxx_lambdas
    Feature record: CXX_FEATURE:1cxx_lambda_init_captures
    Feature record: CXX_FEATURE:1cxx_local_type_template_args
    Feature record: CXX_FEATURE:1cxx_long_long_type
    Feature record: CXX_FEATURE:1cxx_noexcept
    Feature record: CXX_FEATURE:1cxx_nonstatic_member_init
    Feature record: CXX_FEATURE:1cxx_nullptr
    Feature record: CXX_FEATURE:1cxx_override
    Feature record: CXX_FEATURE:1cxx_range_for
    Feature record: CXX_FEATURE:1cxx_raw_string_literals
    Feature record: CXX_FEATURE:1cxx_reference_qualified_functions
    Feature record: CXX_FEATURE:1cxx_relaxed_constexpr
    Feature record: CXX_FEATURE:1cxx_return_type_deduction
    Feature record: CXX_FEATURE:1cxx_right_angle_brackets
    Feature record: CXX_FEATURE:1cxx_rvalue_references
    Feature record: CXX_FEATURE:1cxx_sizeof_member
    Feature record: CXX_FEATURE:1cxx_static_assert
    Feature record: CXX_FEATURE:1cxx_strong_enums
    Feature record: CXX_FEATURE:1cxx_template_template_parameters
    Feature record: CXX_FEATURE:1cxx_thread_local
    Feature record: CXX_FEATURE:1cxx_trailing_return_types
    Feature record: CXX_FEATURE:1cxx_unicode_literals
    Feature record: CXX_FEATURE:1cxx_uniform_initialization
    Feature record: CXX_FEATURE:1cxx_unrestricted_unions
    Feature record: CXX_FEATURE:1cxx_user_literals
    Feature record: CXX_FEATURE:1cxx_variable_templates
    Feature record: CXX_FEATURE:1cxx_variadic_macros
    Feature record: CXX_FEATURE:1cxx_variadic_templates


Detecting CXX [-std=c++11] compiler features compiled with the following output:
<<<<<<< HEAD
Change Dir: /home/lian/catkin_ROS/build/CMakeFiles/CMakeTmp

Run Build Command:"/usr/bin/make" "cmTC_84543/fast"
/usr/bin/make -f CMakeFiles/cmTC_84543.dir/build.make CMakeFiles/cmTC_84543.dir/build
make[1]: Entering directory '/home/lian/catkin_ROS/build/CMakeFiles/CMakeTmp'
Building CXX object CMakeFiles/cmTC_84543.dir/feature_tests.cxx.o
/usr/bin/c++     -std=c++11 -o CMakeFiles/cmTC_84543.dir/feature_tests.cxx.o -c /home/lian/catkin_ROS/build/CMakeFiles/feature_tests.cxx
Linking CXX executable cmTC_84543
/usr/bin/cmake -E cmake_link_script CMakeFiles/cmTC_84543.dir/link.txt --verbose=1
/usr/bin/c++        CMakeFiles/cmTC_84543.dir/feature_tests.cxx.o  -o cmTC_84543 -rdynamic 
make[1]: Leaving directory '/home/lian/catkin_ROS/build/CMakeFiles/CMakeTmp'
=======
<<<<<<< HEAD
Change Dir: /home/lian/ros_ws/build/CMakeFiles/CMakeTmp

Run Build Command:"/usr/bin/make" "cmTC_8b724/fast"
/usr/bin/make -f CMakeFiles/cmTC_8b724.dir/build.make CMakeFiles/cmTC_8b724.dir/build
make[1]: Entering directory '/home/lian/ros_ws/build/CMakeFiles/CMakeTmp'
Building CXX object CMakeFiles/cmTC_8b724.dir/feature_tests.cxx.o
/usr/bin/c++     -std=c++11 -o CMakeFiles/cmTC_8b724.dir/feature_tests.cxx.o -c /home/lian/ros_ws/build/CMakeFiles/feature_tests.cxx
Linking CXX executable cmTC_8b724
/usr/bin/cmake -E cmake_link_script CMakeFiles/cmTC_8b724.dir/link.txt --verbose=1
/usr/bin/c++        CMakeFiles/cmTC_8b724.dir/feature_tests.cxx.o  -o cmTC_8b724 -rdynamic 
make[1]: Leaving directory '/home/lian/ros_ws/build/CMakeFiles/CMakeTmp'
=======
<<<<<<< HEAD
Change Dir: /home/lian/ros_ws/build/CMakeFiles/CMakeTmp

Run Build Command:"/usr/bin/make" "cmTC_8749c/fast"
/usr/bin/make -f CMakeFiles/cmTC_8749c.dir/build.make CMakeFiles/cmTC_8749c.dir/build
make[1]: Entering directory '/home/lian/ros_ws/build/CMakeFiles/CMakeTmp'
Building CXX object CMakeFiles/cmTC_8749c.dir/feature_tests.cxx.o
/usr/bin/c++     -std=c++11 -o CMakeFiles/cmTC_8749c.dir/feature_tests.cxx.o -c /home/lian/ros_ws/build/CMakeFiles/feature_tests.cxx
Linking CXX executable cmTC_8749c
/usr/bin/cmake -E cmake_link_script CMakeFiles/cmTC_8749c.dir/link.txt --verbose=1
/usr/bin/c++        CMakeFiles/cmTC_8749c.dir/feature_tests.cxx.o  -o cmTC_8749c -rdynamic 
make[1]: Leaving directory '/home/lian/ros_ws/build/CMakeFiles/CMakeTmp'
=======
Change Dir: /home/a/catkin_ws/build/CMakeFiles/CMakeTmp

Run Build Command:"/usr/bin/make" "cmTC_d423a/fast"
/usr/bin/make -f CMakeFiles/cmTC_d423a.dir/build.make CMakeFiles/cmTC_d423a.dir/build
make[1]: Entering directory '/home/a/catkin_ws/build/CMakeFiles/CMakeTmp'
Building CXX object CMakeFiles/cmTC_d423a.dir/feature_tests.cxx.o
/usr/bin/c++     -std=c++11 -o CMakeFiles/cmTC_d423a.dir/feature_tests.cxx.o -c /home/a/catkin_ws/build/CMakeFiles/feature_tests.cxx
Linking CXX executable cmTC_d423a
/usr/bin/cmake -E cmake_link_script CMakeFiles/cmTC_d423a.dir/link.txt --verbose=1
/usr/bin/c++        CMakeFiles/cmTC_d423a.dir/feature_tests.cxx.o  -o cmTC_d423a -rdynamic 
make[1]: Leaving directory '/home/a/catkin_ws/build/CMakeFiles/CMakeTmp'
>>>>>>> c7b4822037f679cb6c1df5267602ab97035f5d7e
>>>>>>> e7b3a2760bb50d4aa9780186e6f4b9c470248e2c
>>>>>>> 7fd3f594ab455853003ae66a508bfa5d1eaccf3c


    Feature record: CXX_FEATURE:0cxx_aggregate_default_initializers
    Feature record: CXX_FEATURE:1cxx_alias_templates
    Feature record: CXX_FEATURE:1cxx_alignas
    Feature record: CXX_FEATURE:1cxx_alignof
    Feature record: CXX_FEATURE:1cxx_attributes
    Feature record: CXX_FEATURE:0cxx_attribute_deprecated
    Feature record: CXX_FEATURE:1cxx_auto_type
    Feature record: CXX_FEATURE:0cxx_binary_literals
    Feature record: CXX_FEATURE:1cxx_constexpr
    Feature record: CXX_FEATURE:0cxx_contextual_conversions
    Feature record: CXX_FEATURE:1cxx_decltype
    Feature record: CXX_FEATURE:0cxx_decltype_auto
    Feature record: CXX_FEATURE:1cxx_decltype_incomplete_return_types
    Feature record: CXX_FEATURE:1cxx_default_function_template_args
    Feature record: CXX_FEATURE:1cxx_defaulted_functions
    Feature record: CXX_FEATURE:1cxx_defaulted_move_initializers
    Feature record: CXX_FEATURE:1cxx_delegating_constructors
    Feature record: CXX_FEATURE:1cxx_deleted_functions
    Feature record: CXX_FEATURE:0cxx_digit_separators
    Feature record: CXX_FEATURE:1cxx_enum_forward_declarations
    Feature record: CXX_FEATURE:1cxx_explicit_conversions
    Feature record: CXX_FEATURE:1cxx_extended_friend_declarations
    Feature record: CXX_FEATURE:1cxx_extern_templates
    Feature record: CXX_FEATURE:1cxx_final
    Feature record: CXX_FEATURE:1cxx_func_identifier
    Feature record: CXX_FEATURE:1cxx_generalized_initializers
    Feature record: CXX_FEATURE:0cxx_generic_lambdas
    Feature record: CXX_FEATURE:1cxx_inheriting_constructors
    Feature record: CXX_FEATURE:1cxx_inline_namespaces
    Feature record: CXX_FEATURE:1cxx_lambdas
    Feature record: CXX_FEATURE:0cxx_lambda_init_captures
    Feature record: CXX_FEATURE:1cxx_local_type_template_args
    Feature record: CXX_FEATURE:1cxx_long_long_type
    Feature record: CXX_FEATURE:1cxx_noexcept
    Feature record: CXX_FEATURE:1cxx_nonstatic_member_init
    Feature record: CXX_FEATURE:1cxx_nullptr
    Feature record: CXX_FEATURE:1cxx_override
    Feature record: CXX_FEATURE:1cxx_range_for
    Feature record: CXX_FEATURE:1cxx_raw_string_literals
    Feature record: CXX_FEATURE:1cxx_reference_qualified_functions
    Feature record: CXX_FEATURE:0cxx_relaxed_constexpr
    Feature record: CXX_FEATURE:0cxx_return_type_deduction
    Feature record: CXX_FEATURE:1cxx_right_angle_brackets
    Feature record: CXX_FEATURE:1cxx_rvalue_references
    Feature record: CXX_FEATURE:1cxx_sizeof_member
    Feature record: CXX_FEATURE:1cxx_static_assert
    Feature record: CXX_FEATURE:1cxx_strong_enums
    Feature record: CXX_FEATURE:1cxx_template_template_parameters
    Feature record: CXX_FEATURE:1cxx_thread_local
    Feature record: CXX_FEATURE:1cxx_trailing_return_types
    Feature record: CXX_FEATURE:1cxx_unicode_literals
    Feature record: CXX_FEATURE:1cxx_uniform_initialization
    Feature record: CXX_FEATURE:1cxx_unrestricted_unions
    Feature record: CXX_FEATURE:1cxx_user_literals
    Feature record: CXX_FEATURE:0cxx_variable_templates
    Feature record: CXX_FEATURE:1cxx_variadic_macros
    Feature record: CXX_FEATURE:1cxx_variadic_templates


Detecting CXX [-std=c++98] compiler features compiled with the following output:
<<<<<<< HEAD
Change Dir: /home/lian/catkin_ROS/build/CMakeFiles/CMakeTmp

Run Build Command:"/usr/bin/make" "cmTC_52e9d/fast"
/usr/bin/make -f CMakeFiles/cmTC_52e9d.dir/build.make CMakeFiles/cmTC_52e9d.dir/build
make[1]: Entering directory '/home/lian/catkin_ROS/build/CMakeFiles/CMakeTmp'
Building CXX object CMakeFiles/cmTC_52e9d.dir/feature_tests.cxx.o
/usr/bin/c++     -std=c++98 -o CMakeFiles/cmTC_52e9d.dir/feature_tests.cxx.o -c /home/lian/catkin_ROS/build/CMakeFiles/feature_tests.cxx
Linking CXX executable cmTC_52e9d
/usr/bin/cmake -E cmake_link_script CMakeFiles/cmTC_52e9d.dir/link.txt --verbose=1
/usr/bin/c++        CMakeFiles/cmTC_52e9d.dir/feature_tests.cxx.o  -o cmTC_52e9d -rdynamic 
make[1]: Leaving directory '/home/lian/catkin_ROS/build/CMakeFiles/CMakeTmp'
=======
<<<<<<< HEAD
Change Dir: /home/lian/ros_ws/build/CMakeFiles/CMakeTmp

Run Build Command:"/usr/bin/make" "cmTC_03530/fast"
/usr/bin/make -f CMakeFiles/cmTC_03530.dir/build.make CMakeFiles/cmTC_03530.dir/build
make[1]: Entering directory '/home/lian/ros_ws/build/CMakeFiles/CMakeTmp'
Building CXX object CMakeFiles/cmTC_03530.dir/feature_tests.cxx.o
/usr/bin/c++     -std=c++98 -o CMakeFiles/cmTC_03530.dir/feature_tests.cxx.o -c /home/lian/ros_ws/build/CMakeFiles/feature_tests.cxx
Linking CXX executable cmTC_03530
/usr/bin/cmake -E cmake_link_script CMakeFiles/cmTC_03530.dir/link.txt --verbose=1
/usr/bin/c++        CMakeFiles/cmTC_03530.dir/feature_tests.cxx.o  -o cmTC_03530 -rdynamic 
make[1]: Leaving directory '/home/lian/ros_ws/build/CMakeFiles/CMakeTmp'
=======
<<<<<<< HEAD
Change Dir: /home/lian/ros_ws/build/CMakeFiles/CMakeTmp

Run Build Command:"/usr/bin/make" "cmTC_0f76a/fast"
/usr/bin/make -f CMakeFiles/cmTC_0f76a.dir/build.make CMakeFiles/cmTC_0f76a.dir/build
make[1]: Entering directory '/home/lian/ros_ws/build/CMakeFiles/CMakeTmp'
Building CXX object CMakeFiles/cmTC_0f76a.dir/feature_tests.cxx.o
/usr/bin/c++     -std=c++98 -o CMakeFiles/cmTC_0f76a.dir/feature_tests.cxx.o -c /home/lian/ros_ws/build/CMakeFiles/feature_tests.cxx
Linking CXX executable cmTC_0f76a
/usr/bin/cmake -E cmake_link_script CMakeFiles/cmTC_0f76a.dir/link.txt --verbose=1
/usr/bin/c++        CMakeFiles/cmTC_0f76a.dir/feature_tests.cxx.o  -o cmTC_0f76a -rdynamic 
make[1]: Leaving directory '/home/lian/ros_ws/build/CMakeFiles/CMakeTmp'
=======
Change Dir: /home/a/catkin_ws/build/CMakeFiles/CMakeTmp

Run Build Command:"/usr/bin/make" "cmTC_39c4e/fast"
/usr/bin/make -f CMakeFiles/cmTC_39c4e.dir/build.make CMakeFiles/cmTC_39c4e.dir/build
make[1]: Entering directory '/home/a/catkin_ws/build/CMakeFiles/CMakeTmp'
Building CXX object CMakeFiles/cmTC_39c4e.dir/feature_tests.cxx.o
/usr/bin/c++     -std=c++98 -o CMakeFiles/cmTC_39c4e.dir/feature_tests.cxx.o -c /home/a/catkin_ws/build/CMakeFiles/feature_tests.cxx
Linking CXX executable cmTC_39c4e
/usr/bin/cmake -E cmake_link_script CMakeFiles/cmTC_39c4e.dir/link.txt --verbose=1
/usr/bin/c++        CMakeFiles/cmTC_39c4e.dir/feature_tests.cxx.o  -o cmTC_39c4e -rdynamic 
make[1]: Leaving directory '/home/a/catkin_ws/build/CMakeFiles/CMakeTmp'
>>>>>>> c7b4822037f679cb6c1df5267602ab97035f5d7e
>>>>>>> e7b3a2760bb50d4aa9780186e6f4b9c470248e2c
>>>>>>> 7fd3f594ab455853003ae66a508bfa5d1eaccf3c


    Feature record: CXX_FEATURE:0cxx_aggregate_default_initializers
    Feature record: CXX_FEATURE:0cxx_alias_templates
    Feature record: CXX_FEATURE:0cxx_alignas
    Feature record: CXX_FEATURE:0cxx_alignof
    Feature record: CXX_FEATURE:0cxx_attributes
    Feature record: CXX_FEATURE:0cxx_attribute_deprecated
    Feature record: CXX_FEATURE:0cxx_auto_type
    Feature record: CXX_FEATURE:0cxx_binary_literals
    Feature record: CXX_FEATURE:0cxx_constexpr
    Feature record: CXX_FEATURE:0cxx_contextual_conversions
    Feature record: CXX_FEATURE:0cxx_decltype
    Feature record: CXX_FEATURE:0cxx_decltype_auto
    Feature record: CXX_FEATURE:0cxx_decltype_incomplete_return_types
    Feature record: CXX_FEATURE:0cxx_default_function_template_args
    Feature record: CXX_FEATURE:0cxx_defaulted_functions
    Feature record: CXX_FEATURE:0cxx_defaulted_move_initializers
    Feature record: CXX_FEATURE:0cxx_delegating_constructors
    Feature record: CXX_FEATURE:0cxx_deleted_functions
    Feature record: CXX_FEATURE:0cxx_digit_separators
    Feature record: CXX_FEATURE:0cxx_enum_forward_declarations
    Feature record: CXX_FEATURE:0cxx_explicit_conversions
    Feature record: CXX_FEATURE:0cxx_extended_friend_declarations
    Feature record: CXX_FEATURE:0cxx_extern_templates
    Feature record: CXX_FEATURE:0cxx_final
    Feature record: CXX_FEATURE:0cxx_func_identifier
    Feature record: CXX_FEATURE:0cxx_generalized_initializers
    Feature record: CXX_FEATURE:0cxx_generic_lambdas
    Feature record: CXX_FEATURE:0cxx_inheriting_constructors
    Feature record: CXX_FEATURE:0cxx_inline_namespaces
    Feature record: CXX_FEATURE:0cxx_lambdas
    Feature record: CXX_FEATURE:0cxx_lambda_init_captures
    Feature record: CXX_FEATURE:0cxx_local_type_template_args
    Feature record: CXX_FEATURE:0cxx_long_long_type
    Feature record: CXX_FEATURE:0cxx_noexcept
    Feature record: CXX_FEATURE:0cxx_nonstatic_member_init
    Feature record: CXX_FEATURE:0cxx_nullptr
    Feature record: CXX_FEATURE:0cxx_override
    Feature record: CXX_FEATURE:0cxx_range_for
    Feature record: CXX_FEATURE:0cxx_raw_string_literals
    Feature record: CXX_FEATURE:0cxx_reference_qualified_functions
    Feature record: CXX_FEATURE:0cxx_relaxed_constexpr
    Feature record: CXX_FEATURE:0cxx_return_type_deduction
    Feature record: CXX_FEATURE:0cxx_right_angle_brackets
    Feature record: CXX_FEATURE:0cxx_rvalue_references
    Feature record: CXX_FEATURE:0cxx_sizeof_member
    Feature record: CXX_FEATURE:0cxx_static_assert
    Feature record: CXX_FEATURE:0cxx_strong_enums
    Feature record: CXX_FEATURE:1cxx_template_template_parameters
    Feature record: CXX_FEATURE:0cxx_thread_local
    Feature record: CXX_FEATURE:0cxx_trailing_return_types
    Feature record: CXX_FEATURE:0cxx_unicode_literals
    Feature record: CXX_FEATURE:0cxx_uniform_initialization
    Feature record: CXX_FEATURE:0cxx_unrestricted_unions
    Feature record: CXX_FEATURE:0cxx_user_literals
    Feature record: CXX_FEATURE:0cxx_variable_templates
    Feature record: CXX_FEATURE:0cxx_variadic_macros
    Feature record: CXX_FEATURE:0cxx_variadic_templates
Determining if the include file pthread.h exists passed with the following output:
<<<<<<< HEAD
Change Dir: /home/lian/catkin_ROS/build/CMakeFiles/CMakeTmp

Run Build Command:"/usr/bin/make" "cmTC_d0e21/fast"
/usr/bin/make -f CMakeFiles/cmTC_d0e21.dir/build.make CMakeFiles/cmTC_d0e21.dir/build
make[1]: Entering directory '/home/lian/catkin_ROS/build/CMakeFiles/CMakeTmp'
Building C object CMakeFiles/cmTC_d0e21.dir/CheckIncludeFile.c.o
/usr/bin/cc     -o CMakeFiles/cmTC_d0e21.dir/CheckIncludeFile.c.o   -c /home/lian/catkin_ROS/build/CMakeFiles/CMakeTmp/CheckIncludeFile.c
Linking C executable cmTC_d0e21
/usr/bin/cmake -E cmake_link_script CMakeFiles/cmTC_d0e21.dir/link.txt --verbose=1
/usr/bin/cc       CMakeFiles/cmTC_d0e21.dir/CheckIncludeFile.c.o  -o cmTC_d0e21 -rdynamic 
make[1]: Leaving directory '/home/lian/catkin_ROS/build/CMakeFiles/CMakeTmp'


Determining if the function pthread_create exists in the pthread passed with the following output:
Change Dir: /home/lian/catkin_ROS/build/CMakeFiles/CMakeTmp

Run Build Command:"/usr/bin/make" "cmTC_8e6cf/fast"
/usr/bin/make -f CMakeFiles/cmTC_8e6cf.dir/build.make CMakeFiles/cmTC_8e6cf.dir/build
make[1]: Entering directory '/home/lian/catkin_ROS/build/CMakeFiles/CMakeTmp'
Building C object CMakeFiles/cmTC_8e6cf.dir/CheckFunctionExists.c.o
/usr/bin/cc    -DCHECK_FUNCTION_EXISTS=pthread_create   -o CMakeFiles/cmTC_8e6cf.dir/CheckFunctionExists.c.o   -c /usr/share/cmake-3.5/Modules/CheckFunctionExists.c
Linking C executable cmTC_8e6cf
/usr/bin/cmake -E cmake_link_script CMakeFiles/cmTC_8e6cf.dir/link.txt --verbose=1
/usr/bin/cc   -DCHECK_FUNCTION_EXISTS=pthread_create    CMakeFiles/cmTC_8e6cf.dir/CheckFunctionExists.c.o  -o cmTC_8e6cf -rdynamic -lpthread 
make[1]: Leaving directory '/home/lian/catkin_ROS/build/CMakeFiles/CMakeTmp'
=======
<<<<<<< HEAD
Change Dir: /home/lian/ros_ws/build/CMakeFiles/CMakeTmp

Run Build Command:"/usr/bin/make" "cmTC_ba13f/fast"
/usr/bin/make -f CMakeFiles/cmTC_ba13f.dir/build.make CMakeFiles/cmTC_ba13f.dir/build
make[1]: Entering directory '/home/lian/ros_ws/build/CMakeFiles/CMakeTmp'
Building C object CMakeFiles/cmTC_ba13f.dir/CheckIncludeFile.c.o
/usr/bin/cc     -o CMakeFiles/cmTC_ba13f.dir/CheckIncludeFile.c.o   -c /home/lian/ros_ws/build/CMakeFiles/CMakeTmp/CheckIncludeFile.c
Linking C executable cmTC_ba13f
/usr/bin/cmake -E cmake_link_script CMakeFiles/cmTC_ba13f.dir/link.txt --verbose=1
/usr/bin/cc       CMakeFiles/cmTC_ba13f.dir/CheckIncludeFile.c.o  -o cmTC_ba13f -rdynamic 
=======
<<<<<<< HEAD
Change Dir: /home/lian/ros_ws/build/CMakeFiles/CMakeTmp

Run Build Command:"/usr/bin/make" "cmTC_65615/fast"
/usr/bin/make -f CMakeFiles/cmTC_65615.dir/build.make CMakeFiles/cmTC_65615.dir/build
make[1]: Entering directory '/home/lian/ros_ws/build/CMakeFiles/CMakeTmp'
Building C object CMakeFiles/cmTC_65615.dir/CheckIncludeFile.c.o
/usr/bin/cc     -o CMakeFiles/cmTC_65615.dir/CheckIncludeFile.c.o   -c /home/lian/ros_ws/build/CMakeFiles/CMakeTmp/CheckIncludeFile.c
Linking C executable cmTC_65615
/usr/bin/cmake -E cmake_link_script CMakeFiles/cmTC_65615.dir/link.txt --verbose=1
/usr/bin/cc       CMakeFiles/cmTC_65615.dir/CheckIncludeFile.c.o  -o cmTC_65615 -rdynamic 
>>>>>>> e7b3a2760bb50d4aa9780186e6f4b9c470248e2c
make[1]: Leaving directory '/home/lian/ros_ws/build/CMakeFiles/CMakeTmp'


Determining if the function pthread_create exists in the pthread passed with the following output:
Change Dir: /home/lian/ros_ws/build/CMakeFiles/CMakeTmp

<<<<<<< HEAD
Run Build Command:"/usr/bin/make" "cmTC_b62e9/fast"
/usr/bin/make -f CMakeFiles/cmTC_b62e9.dir/build.make CMakeFiles/cmTC_b62e9.dir/build
make[1]: Entering directory '/home/lian/ros_ws/build/CMakeFiles/CMakeTmp'
Building C object CMakeFiles/cmTC_b62e9.dir/CheckFunctionExists.c.o
/usr/bin/cc    -DCHECK_FUNCTION_EXISTS=pthread_create   -o CMakeFiles/cmTC_b62e9.dir/CheckFunctionExists.c.o   -c /usr/share/cmake-3.5/Modules/CheckFunctionExists.c
Linking C executable cmTC_b62e9
/usr/bin/cmake -E cmake_link_script CMakeFiles/cmTC_b62e9.dir/link.txt --verbose=1
/usr/bin/cc   -DCHECK_FUNCTION_EXISTS=pthread_create    CMakeFiles/cmTC_b62e9.dir/CheckFunctionExists.c.o  -o cmTC_b62e9 -rdynamic -lpthread 
make[1]: Leaving directory '/home/lian/ros_ws/build/CMakeFiles/CMakeTmp'
=======
Run Build Command:"/usr/bin/make" "cmTC_e14ff/fast"
/usr/bin/make -f CMakeFiles/cmTC_e14ff.dir/build.make CMakeFiles/cmTC_e14ff.dir/build
make[1]: Entering directory '/home/lian/ros_ws/build/CMakeFiles/CMakeTmp'
Building C object CMakeFiles/cmTC_e14ff.dir/CheckFunctionExists.c.o
/usr/bin/cc    -DCHECK_FUNCTION_EXISTS=pthread_create   -o CMakeFiles/cmTC_e14ff.dir/CheckFunctionExists.c.o   -c /usr/share/cmake-3.5/Modules/CheckFunctionExists.c
Linking C executable cmTC_e14ff
/usr/bin/cmake -E cmake_link_script CMakeFiles/cmTC_e14ff.dir/link.txt --verbose=1
/usr/bin/cc   -DCHECK_FUNCTION_EXISTS=pthread_create    CMakeFiles/cmTC_e14ff.dir/CheckFunctionExists.c.o  -o cmTC_e14ff -rdynamic -lpthread 
make[1]: Leaving directory '/home/lian/ros_ws/build/CMakeFiles/CMakeTmp'
=======
Change Dir: /home/a/catkin_ws/build/CMakeFiles/CMakeTmp

Run Build Command:"/usr/bin/make" "cmTC_2bc1e/fast"
/usr/bin/make -f CMakeFiles/cmTC_2bc1e.dir/build.make CMakeFiles/cmTC_2bc1e.dir/build
make[1]: Entering directory '/home/a/catkin_ws/build/CMakeFiles/CMakeTmp'
Building C object CMakeFiles/cmTC_2bc1e.dir/CheckIncludeFile.c.o
/usr/bin/cc     -o CMakeFiles/cmTC_2bc1e.dir/CheckIncludeFile.c.o   -c /home/a/catkin_ws/build/CMakeFiles/CMakeTmp/CheckIncludeFile.c
Linking C executable cmTC_2bc1e
/usr/bin/cmake -E cmake_link_script CMakeFiles/cmTC_2bc1e.dir/link.txt --verbose=1
/usr/bin/cc       CMakeFiles/cmTC_2bc1e.dir/CheckIncludeFile.c.o  -o cmTC_2bc1e -rdynamic 
make[1]: Leaving directory '/home/a/catkin_ws/build/CMakeFiles/CMakeTmp'


Determining if the function pthread_create exists in the pthread passed with the following output:
Change Dir: /home/a/catkin_ws/build/CMakeFiles/CMakeTmp

Run Build Command:"/usr/bin/make" "cmTC_49aa6/fast"
/usr/bin/make -f CMakeFiles/cmTC_49aa6.dir/build.make CMakeFiles/cmTC_49aa6.dir/build
make[1]: Entering directory '/home/a/catkin_ws/build/CMakeFiles/CMakeTmp'
Building C object CMakeFiles/cmTC_49aa6.dir/CheckFunctionExists.c.o
/usr/bin/cc    -DCHECK_FUNCTION_EXISTS=pthread_create   -o CMakeFiles/cmTC_49aa6.dir/CheckFunctionExists.c.o   -c /usr/share/cmake-3.5/Modules/CheckFunctionExists.c
Linking C executable cmTC_49aa6
/usr/bin/cmake -E cmake_link_script CMakeFiles/cmTC_49aa6.dir/link.txt --verbose=1
/usr/bin/cc   -DCHECK_FUNCTION_EXISTS=pthread_create    CMakeFiles/cmTC_49aa6.dir/CheckFunctionExists.c.o  -o cmTC_49aa6 -rdynamic -lpthread 
make[1]: Leaving directory '/home/a/catkin_ws/build/CMakeFiles/CMakeTmp'
>>>>>>> c7b4822037f679cb6c1df5267602ab97035f5d7e
>>>>>>> e7b3a2760bb50d4aa9780186e6f4b9c470248e2c
>>>>>>> 7fd3f594ab455853003ae66a508bfa5d1eaccf3c


